::1 - - [28/Feb/2024:08:13:01 +0000] "GET /blogs HTTP/1.1" 200 301 "-" "PostmanRuntime/7.36.3"
undefined GET /blogs 200 11.306 ms PostmanRuntime/7.36.3 Wed, 28 Feb 2024 08:19:51 GMT
undefined GET /blogs 200 11.864 ms PostmanRuntime/7.36.3 Wed, 28 Feb 2024 08:21:00 GMT
undefined GET /blogs 200 7.435 ms PostmanRuntime/7.36.3 Wed, 28 Feb 2024 08:24:42 GMT
undefinedGET /blogs 200 12.888 ms PostmanRuntime/7.36.3 Wed, 28 Feb 2024 08:26:25 GMT
 GET /blogs 200 13.102 ms PostmanRuntime/7.36.3 Wed, 28 Feb 2024 08:27:11 GMT
 GET /blogs 200 11.279 ms PostmanRuntime/7.36.3 Wed, 28 Feb 2024 08:31:37 GMT
 GET /blogs 200 12.441 ms PostmanRuntime/7.36.3 Wed, 28 Feb 2024 08:43:06 GMT
 GET /blogs 200 12.441 ms PostmanRuntime/7.36.3 Wed, 28 Feb 2024 08:43:06 GMT - error-message: -
 GET /blogss 404 4.299 ms PostmanRuntime/7.36.3 Wed, 28 Feb 2024 08:43:12 GMT
 GET /blogss 404 4.299 ms PostmanRuntime/7.36.3 Wed, 28 Feb 2024 08:43:12 GMT - error-message: -
 GET /blogs 200 11.493 ms PostmanRuntime/7.36.3 Wed, 28 Feb 2024 08:44:37 GMT
 GET /blogss 404 4.172 ms PostmanRuntime/7.36.3 Wed, 28 Feb 2024 08:44:46 GMT - error-message: -
 GET /blogss 404 5.903 ms PostmanRuntime/7.36.3 Wed, 28 Feb 2024 08:46:21 GMT - error-message -
 GET /blogss 404 6.258 ms PostmanRuntime/7.36.3 Wed, 28 Feb 2024 08:47:15 GMT - error-message: 404 Not found
 GET /blogss 404 4.229 ms PostmanRuntime/7.36.3 Wed, 28 Feb 2024 09:19:48 GMT - error-message: 404 Not found
 GET /blogs 200 10.307 ms PostmanRuntime/7.36.3 Wed, 28 Feb 2024 09:19:50 GMT
 GET /blog 404 2.122 ms PostmanRuntime/7.36.3 Wed, 28 Feb 2024 09:20:04 GMT - error-message: 404 Not found
 POST /blog 500 2.069 ms PostmanRuntime/7.36.3 Wed, 28 Feb 2024 09:20:13 GMT - error-message: logger is not defined
 POST /blog 500 4.264 ms PostmanRuntime/7.36.3 Wed, 28 Feb 2024 09:21:29 GMT - error-message: logger is not defined
 POST /blog 500 2.055 ms PostmanRuntime/7.36.3 Wed, 28 Feb 2024 09:21:52 GMT - error-message: logger is not defined
 POST /blogs 404 4.820 ms PostmanRuntime/7.36.3 Wed, 28 Feb 2024 09:24:17 GMT - error-message: 404 Not found
 GET /blogs 200 9.838 ms PostmanRuntime/7.36.3 Wed, 28 Feb 2024 09:24:20 GMT
 POST /blog 500 5.041 ms PostmanRuntime/7.36.3 Wed, 28 Feb 2024 09:26:00 GMT - error-message: logger is not defined
 POST /blog 200 62.683 ms PostmanRuntime/7.36.3 Wed, 28 Feb 2024 09:40:36 GMT
 POST /blog 201 13.642 ms PostmanRuntime/7.36.3 Wed, 28 Feb 2024 09:41:02 GMT
 POST /blog 500 9.005 ms PostmanRuntime/7.36.3 Wed, 28 Feb 2024 09:57:21 GMT - error-message: Cannot read properties of undefined (reading 'createBlog')
 GET /blogs 500 2.457 ms PostmanRuntime/7.36.3 Wed, 28 Feb 2024 09:57:33 GMT - error-message: Cannot read properties of undefined (reading 'getBlogs')
 GET /blogs 500 5.095 ms PostmanRuntime/7.36.3 Wed, 28 Feb 2024 09:59:46 GMT - error-message: blogService.getBlogs is not a function
 GET /blogs 500 4.722 ms PostmanRuntime/7.36.3 Wed, 28 Feb 2024 10:00:44 GMT - error-message: blogService.getBlogs is not a function
 GET /blogs 500 4.990 ms PostmanRuntime/7.36.3 Wed, 28 Feb 2024 10:00:51 GMT - error-message: Cannot read properties of undefined (reading 'getBlogs')
 GET /blogs 500 5.142 ms PostmanRuntime/7.36.3 Wed, 28 Feb 2024 10:07:34 GMT - error-message: Cannot read properties of undefined (reading 'getBlogs')
 GET /blogs 200 11.155 ms PostmanRuntime/7.36.3 Wed, 28 Feb 2024 10:07:57 GMT
 POST /blog 201 18.407 ms PostmanRuntime/7.36.3 Wed, 28 Feb 2024 10:08:22 GMT
 GET /blogs 200 20.226 ms Thunder Client (https://www.thunderclient.com) Wed, 28 Feb 2024 13:42:47 GMT
 GET /blogs 200 2.938 ms Thunder Client (https://www.thunderclient.com) Wed, 28 Feb 2024 13:42:58 GMT
 GET /blogs 200 2.017 ms Thunder Client (https://www.thunderclient.com) Wed, 28 Feb 2024 13:43:00 GMT
 GET /blogs 200 2.268 ms Thunder Client (https://www.thunderclient.com) Wed, 28 Feb 2024 13:43:01 GMT
 GET /blogs 200 2.123 ms Thunder Client (https://www.thunderclient.com) Wed, 28 Feb 2024 13:43:02 GMT
 GET /blogs 200 2.475 ms Thunder Client (https://www.thunderclient.com) Wed, 28 Feb 2024 13:43:02 GMT
 GET /blogs 200 2.261 ms Thunder Client (https://www.thunderclient.com) Wed, 28 Feb 2024 13:43:03 GMT
 GET /blogs 200 2.061 ms Thunder Client (https://www.thunderclient.com) Wed, 28 Feb 2024 13:43:04 GMT
 GET /auth/register 404 2.372 ms Thunder Client (https://www.thunderclient.com) Mon, 04 Mar 2024 09:40:12 GMT - error-message: 404 Not found
 GET /auth/register 404 2.404 ms Thunder Client (https://www.thunderclient.com) Mon, 04 Mar 2024 09:40:38 GMT - error-message: 404 Not found
 GET /auth/register 404 4.077 ms Thunder Client (https://www.thunderclient.com) Mon, 04 Mar 2024 09:43:19 GMT - error-message: 404 Not found
 POST /auth/register 500 3.411 ms Thunder Client (https://www.thunderclient.com) Mon, 04 Mar 2024 09:47:05 GMT - error-message: Cannot read properties of undefined (reading 'create')
 POST /auth/register 500 6.689 ms Thunder Client (https://www.thunderclient.com) Mon, 04 Mar 2024 09:51:07 GMT - error-message: userService.createUser is not a function
 POST /auth/register 500 6.629 ms Thunder Client (https://www.thunderclient.com) Mon, 04 Mar 2024 09:53:20 GMT - error-message: Cannot read properties of undefined (reading 'create')
 POST /auth/register 500 5.014 ms Thunder Client (https://www.thunderclient.com) Mon, 04 Mar 2024 10:00:23 GMT - error-message: Cannot read properties of undefined (reading 'create')
 POST /auth/register 400 10.556 ms Thunder Client (https://www.thunderclient.com) Mon, 04 Mar 2024 10:03:01 GMT - error-message: User validation failed: password: Path `password` (`pass`) is shorter than the minimum allowed length (8).
 POST /auth/register 201 10.860 ms Thunder Client (https://www.thunderclient.com) Mon, 04 Mar 2024 10:03:12 GMT
 POST /auth/register 500 13.270 ms PostmanRuntime/7.36.3 Mon, 04 Mar 2024 10:04:13 GMT - error-message: E11000 duplicate key error collection: chat-app.users index: email_1 dup key: { email: "b@g.com" }
 POST /auth/register 500 4.501 ms PostmanRuntime/7.36.3 Mon, 04 Mar 2024 10:12:45 GMT - error-message: this.findOne is not a function
 POST /auth/register 500 6.561 ms PostmanRuntime/7.36.3 Mon, 04 Mar 2024 10:17:11 GMT - error-message: this.findOne is not a function
 POST /auth/register 400 1420.870 ms PostmanRuntime/7.36.3 Mon, 04 Mar 2024 10:22:12 GMT - error-message: Email already taken
 POST /auth/register 400 11.594 ms PostmanRuntime/7.36.3 Mon, 04 Mar 2024 10:29:27 GMT - error-message: Email already taken
 POST /auth/register 400 9.999 ms PostmanRuntime/7.36.3 Mon, 04 Mar 2024 10:29:33 GMT - error-message: User validation failed: email: value is not defined, password: value is not defined
 POST /auth/register 400 4.460 ms PostmanRuntime/7.36.3 Mon, 04 Mar 2024 10:29:58 GMT - error-message: User validation failed: email: value is not defined, password: value is not defined
 POST /auth/register 400 8.978 ms PostmanRuntime/7.36.3 Mon, 04 Mar 2024 10:42:24 GMT - error-message: Password should contain atleast one uppercase and lowercase letter, number and special character
 POST /auth/register 400 5.883 ms PostmanRuntime/7.36.3 Mon, 04 Mar 2024 10:42:32 GMT - error-message: "body.email" must be a valid email
 POST /auth/register 400 21.134 ms PostmanRuntime/7.36.3 Mon, 04 Mar 2024 10:43:02 GMT - error-message: User validation failed: email: value is not defined, password: value is not defined
 POST /auth/register 201 23.995 ms PostmanRuntime/7.36.3 Mon, 04 Mar 2024 10:51:27 GMT
 POST /auth/register 400 15.838 ms PostmanRuntime/7.36.3 Mon, 04 Mar 2024 10:54:11 GMT - error-message: Email already taken
 POST /auth/register 400 10.961 ms PostmanRuntime/7.36.3 Mon, 04 Mar 2024 10:54:20 GMT - error-message: User validation failed: email: value is not defined, password: value is not defined
 POST /auth/register 201 26.451 ms PostmanRuntime/7.36.3 Mon, 04 Mar 2024 10:59:57 GMT
 POST /auth/register 201 27.722 ms PostmanRuntime/7.36.3 Mon, 04 Mar 2024 13:10:59 GMT
 POST /auth/register 400 13.819 ms PostmanRuntime/7.36.3 Mon, 04 Mar 2024 13:12:23 GMT - error-message: Email already taken
 POST /auth/register 201 30.046 ms PostmanRuntime/7.36.3 Mon, 04 Mar 2024 13:12:31 GMT
 POST /auth/register 201 24.651 ms PostmanRuntime/7.36.3 Mon, 04 Mar 2024 13:13:06 GMT
 POST /auth/register 201 26.479 ms PostmanRuntime/7.36.3 Mon, 04 Mar 2024 13:21:19 GMT
 POST /auth/register 400 14.621 ms PostmanRuntime/7.36.3 Mon, 04 Mar 2024 13:27:23 GMT - error-message: Email already taken
 POST /auth/register 201 20.394 ms PostmanRuntime/7.36.3 Mon, 04 Mar 2024 13:27:33 GMT
 POST /auth/register 400 13.772 ms PostmanRuntime/7.36.3 Mon, 04 Mar 2024 13:28:39 GMT - error-message: Email already taken
 POST /auth/register 201 18.950 ms PostmanRuntime/7.36.3 Mon, 04 Mar 2024 13:28:46 GMT
 POST /auth/register 400 3.618 ms PostmanRuntime/7.36.3 Mon, 04 Mar 2024 13:29:49 GMT - error-message: Email already taken
 POST /auth/register 201 7.007 ms PostmanRuntime/7.36.3 Mon, 04 Mar 2024 13:30:02 GMT
 POST /auth/register 201 27.818 ms PostmanRuntime/7.36.3 Mon, 04 Mar 2024 13:33:38 GMT
 POST /auth/register 201 30.095 ms PostmanRuntime/7.36.3 Mon, 04 Mar 2024 13:39:09 GMT
 POST /auth/login 400 10.195 ms PostmanRuntime/7.36.3 Tue, 05 Mar 2024 06:47:01 GMT - error-message: "body.email" must be a valid email
 POST /auth/login 500 10.458 ms PostmanRuntime/7.36.3 Tue, 05 Mar 2024 06:47:14 GMT - error-message: user.isPasswordMatch is not a function
 POST /auth/login 500 4.178 ms PostmanRuntime/7.36.3 Tue, 05 Mar 2024 06:48:18 GMT - error-message: user.isPasswordMatch is not a function
 POST /auth/register 400 8.849 ms PostmanRuntime/7.36.3 Tue, 05 Mar 2024 06:49:12 GMT - error-message: Email already taken
 POST /auth/register 201 46.677 ms PostmanRuntime/7.36.3 Tue, 05 Mar 2024 06:49:29 GMT
 POST /auth/register 201 55.587 ms PostmanRuntime/7.36.3 Tue, 05 Mar 2024 06:50:12 GMT
 POST /auth/login 500 14.528 ms PostmanRuntime/7.36.3 Tue, 05 Mar 2024 06:55:05 GMT - error-message: user.isPasswordMatch is not a function
 POST /auth/login 500 14.137 ms PostmanRuntime/7.36.3 Tue, 05 Mar 2024 06:56:29 GMT - error-message: user is not defined
 POST /auth/login 500 14.408 ms PostmanRuntime/7.36.3 Tue, 05 Mar 2024 07:02:36 GMT - error-message: Illegal arguments: string, object
 POST /auth/login 200 55.663 ms PostmanRuntime/7.36.3 Tue, 05 Mar 2024 07:05:31 GMT
 POST /auth/login 200 49.638 ms PostmanRuntime/7.36.3 Tue, 05 Mar 2024 07:35:31 GMT
 POST /auth/login 200 43.823 ms PostmanRuntime/7.36.3 Tue, 05 Mar 2024 07:38:27 GMT
 POST /auth/login 500 48.144 ms PostmanRuntime/7.36.3 Tue, 05 Mar 2024 07:59:49 GMT - error-message: Cannot read properties of undefined (reading 'create')
 POST /auth/login 500 43.397 ms PostmanRuntime/7.36.3 Tue, 05 Mar 2024 08:19:43 GMT - error-message: Cannot read properties of undefined (reading 'create')
 POST /auth/login 500 46.268 ms PostmanRuntime/7.36.3 Tue, 05 Mar 2024 08:23:20 GMT - error-message: Cannot read properties of undefined (reading 'create')
 POST /auth/login 500 45.421 ms PostmanRuntime/7.36.3 Tue, 05 Mar 2024 08:24:04 GMT - error-message: Cannot read properties of undefined (reading 'create')
 POST /auth/login 500 43.954 ms PostmanRuntime/7.36.3 Tue, 05 Mar 2024 08:30:25 GMT - error-message: refreshTokenExpires is not defined
 POST /auth/login 500 44.566 ms PostmanRuntime/7.36.3 Tue, 05 Mar 2024 08:43:58 GMT - error-message: Cannot read properties of undefined (reading 'create')
 POST /auth/login 500 47.389 ms PostmanRuntime/7.36.3 Tue, 05 Mar 2024 08:47:00 GMT - error-message: Cannot read properties of undefined (reading 'create')
 POST /auth/login 200 69.965 ms PostmanRuntime/7.36.3 Tue, 05 Mar 2024 08:55:47 GMT
 POST /auth/refresh-token 400 4.623 ms PostmanRuntime/7.36.3 Tue, 05 Mar 2024 08:59:01 GMT - error-message: "body.refreshToken" is required
 POST /auth/refresh-token 401 10.815 ms PostmanRuntime/7.36.3 Tue, 05 Mar 2024 08:59:12 GMT - error-message: Please authenticate
 POST /auth/refresh-token 401 5.671 ms PostmanRuntime/7.36.3 Tue, 05 Mar 2024 09:01:02 GMT - error-message: Please authenticate
 POST /auth/refresh-token 401 17.749 ms PostmanRuntime/7.36.3 Tue, 05 Mar 2024 09:01:58 GMT - error-message: Please authenticate
 POST /auth/refresh-token 401 18.480 ms PostmanRuntime/7.36.3 Tue, 05 Mar 2024 09:02:37 GMT - error-message: Please authenticate
 POST /auth/refresh-token 401 6.843 ms PostmanRuntime/7.36.3 Tue, 05 Mar 2024 09:02:39 GMT - error-message: Please authenticate
 POST /auth/login 200 59.346 ms PostmanRuntime/7.36.3 Tue, 05 Mar 2024 09:03:30 GMT
 POST /auth/refresh-token 401 15.788 ms PostmanRuntime/7.36.3 Tue, 05 Mar 2024 09:03:55 GMT - error-message: Please authenticate
 POST /auth/register 201 86.871 ms PostmanRuntime/7.36.3 Tue, 05 Mar 2024 09:27:13 GMT
 POST /auth/refresh-token 401 9.825 ms PostmanRuntime/7.36.3 Tue, 05 Mar 2024 09:27:46 GMT - error-message: Please authenticate
 POST /auth/refresh-token 401 34.503 ms PostmanRuntime/7.36.3 Tue, 05 Mar 2024 09:30:08 GMT - error-message: Please authenticate
 POST /auth/refresh-token 401 10.388 ms PostmanRuntime/7.36.3 Tue, 05 Mar 2024 09:31:57 GMT - error-message: Please authenticate
 POST /auth/refresh-token 400 4.659 ms PostmanRuntime/7.36.3 Tue, 05 Mar 2024 09:52:41 GMT - error-message: "body.refreshToken" is not allowed to be empty
 POST /auth/refresh-token 401 14.487 ms PostmanRuntime/7.36.3 Tue, 05 Mar 2024 09:52:56 GMT - error-message: Please authenticate
 POST /auth/login 200 67.077 ms PostmanRuntime/7.36.3 Tue, 05 Mar 2024 10:09:26 GMT
 POST /auth/refresh-token 401 26.917 ms PostmanRuntime/7.36.3 Tue, 05 Mar 2024 10:13:01 GMT - error-message: Please authenticate
 POST /auth/refresh-token 401 23.396 ms PostmanRuntime/7.36.3 Tue, 05 Mar 2024 10:13:25 GMT - error-message: Please authenticate
 POST /auth/refresh-token 401 29.328 ms PostmanRuntime/7.36.3 Tue, 05 Mar 2024 10:16:10 GMT - error-message: Please authenticate
 POST /auth/refresh-token 401 17.988 ms PostmanRuntime/7.36.3 Tue, 05 Mar 2024 10:16:43 GMT - error-message: Please authenticate
 POST /auth/refresh-token 401 20.415 ms PostmanRuntime/7.36.3 Tue, 05 Mar 2024 10:17:20 GMT - error-message: Please authenticate
 POST /auth/refresh-token 401 26.368 ms PostmanRuntime/7.36.3 Tue, 05 Mar 2024 10:17:52 GMT - error-message: Please authenticate
 POST /auth/refresh-token 401 19.115 ms PostmanRuntime/7.36.3 Tue, 05 Mar 2024 10:18:44 GMT - error-message: Please authenticate
 POST /auth/refresh-token 401 25.389 ms PostmanRuntime/7.36.3 Tue, 05 Mar 2024 10:19:18 GMT - error-message: Please authenticate
 POST /auth/refresh-token 401 37.595 ms PostmanRuntime/7.36.3 Tue, 05 Mar 2024 10:23:51 GMT - error-message: Please authenticate
 POST /auth/refresh-token 401 21.103 ms PostmanRuntime/7.36.3 Tue, 05 Mar 2024 10:29:19 GMT - error-message: Please authenticate
 POST /auth/refresh-token 401 26.785 ms PostmanRuntime/7.36.3 Tue, 05 Mar 2024 10:30:45 GMT - error-message: Please authenticate
 POST /auth/refresh-token 401 22.179 ms PostmanRuntime/7.36.3 Tue, 05 Mar 2024 10:32:14 GMT - error-message: Please authenticate
 POST /auth/refresh-token 401 22.382 ms PostmanRuntime/7.36.3 Tue, 05 Mar 2024 10:33:16 GMT - error-message: Please authenticate
 POST /auth/refresh-token 401 19.954 ms PostmanRuntime/7.36.3 Tue, 05 Mar 2024 10:34:08 GMT - error-message: Please authenticate
 POST /auth/refresh-token 200 46.960 ms PostmanRuntime/7.36.3 Tue, 05 Mar 2024 10:39:42 GMT
 POST /auth/refresh-token 401 13.463 ms PostmanRuntime/7.36.3 Tue, 05 Mar 2024 10:43:40 GMT - error-message: Please authenticate
 POST /auth/login 200 48.305 ms PostmanRuntime/7.36.3 Tue, 05 Mar 2024 10:43:57 GMT
 POST /auth/refresh-token 200 11.978 ms PostmanRuntime/7.36.3 Tue, 05 Mar 2024 10:44:15 GMT
 POST /auth/login 500 11.201 ms PostmanRuntime/7.36.3 Tue, 05 Mar 2024 13:12:00 GMT - error-message: callback is not a function
 POST /auth/login 500 5.218 ms PostmanRuntime/7.36.3 Tue, 05 Mar 2024 13:13:59 GMT - error-message: callback is not a function
 POST /auth/login 401 7.115 ms PostmanRuntime/7.36.3 Tue, 05 Mar 2024 13:14:37 GMT - error-message: Please authenticate
 POST /blogs 401 2.663 ms PostmanRuntime/7.36.3 Tue, 05 Mar 2024 13:17:12 GMT - error-message: Please authenticate
 POST /blogs 401 2.234 ms PostmanRuntime/7.36.3 Tue, 05 Mar 2024 13:17:33 GMT - error-message: Please authenticate
 POST /auth/login 401 2.683 ms PostmanRuntime/7.36.3 Tue, 05 Mar 2024 13:18:22 GMT - error-message: Please authenticate
 POST /auth/login 401 8.815 ms PostmanRuntime/7.36.3 Tue, 05 Mar 2024 13:18:42 GMT - error-message: Please authenticate
 POST /auth/login 401 5.915 ms PostmanRuntime/7.36.3 Tue, 05 Mar 2024 13:21:48 GMT - error-message: please authenticate
 POST /auth/login 401 6.906 ms PostmanRuntime/7.36.3 Tue, 05 Mar 2024 13:26:04 GMT - error-message: Please authenticate
 POST /blogs 401 3.003 ms PostmanRuntime/7.36.3 Tue, 05 Mar 2024 13:26:28 GMT - error-message: Please authenticate
 POST /auth/login 401 2.188 ms PostmanRuntime/7.36.3 Tue, 05 Mar 2024 13:26:43 GMT - error-message: Please authenticate
 POST /auth/login 401 2.218 ms PostmanRuntime/7.36.3 Tue, 05 Mar 2024 13:26:44 GMT - error-message: Please authenticate
 POST /auth/login 401 1.991 ms PostmanRuntime/7.36.3 Tue, 05 Mar 2024 13:27:04 GMT - error-message: Please authenticate
 POST /auth/login 401 3.563 ms PostmanRuntime/7.36.3 Tue, 05 Mar 2024 13:28:44 GMT - error-message: Please authenticate
 POST /auth/login 200 53.459 ms PostmanRuntime/7.36.3 Tue, 05 Mar 2024 13:29:48 GMT
 POST /auth/login 200 25.559 ms PostmanRuntime/7.36.3 Tue, 05 Mar 2024 13:29:57 GMT
 POST /blogs 404 1.695 ms PostmanRuntime/7.36.3 Tue, 05 Mar 2024 13:30:03 GMT - error-message: 404 Not found
 POST /blogs 404 4.005 ms PostmanRuntime/7.36.3 Tue, 05 Mar 2024 13:31:24 GMT - error-message: 404 Not found
 POST /blogs 404 5.012 ms PostmanRuntime/7.36.3 Tue, 05 Mar 2024 13:32:07 GMT - error-message: 404 Not found
 GET /blogs 200 21.768 ms PostmanRuntime/7.36.3 Tue, 05 Mar 2024 13:32:38 GMT
 GET /blogs 401 3.502 ms PostmanRuntime/7.36.3 Tue, 05 Mar 2024 13:32:48 GMT - error-message: Please authenticate
 GET /blogs 200 9.752 ms PostmanRuntime/7.36.3 Tue, 05 Mar 2024 13:32:58 GMT
 GET /blogs 401 14.692 ms PostmanRuntime/7.36.3 Wed, 06 Mar 2024 07:01:20 GMT - error-message: Please authenticate
 GET /blogs 401 14.558 ms PostmanRuntime/7.36.3 Wed, 06 Mar 2024 09:34:41 GMT - error-message: Please authenticate
 GET /auth/login 404 3.505 ms PostmanRuntime/7.36.3 Wed, 06 Mar 2024 09:41:15 GMT - error-message: 404 Not found
 POST /auth/login 401 55.284 ms PostmanRuntime/7.36.3 Wed, 06 Mar 2024 09:41:21 GMT - error-message: Invalid email or password
 POST /auth/login 401 5.757 ms PostmanRuntime/7.36.3 Wed, 06 Mar 2024 09:41:26 GMT - error-message: Invalid email or password
 POST /auth/login 401 4.007 ms PostmanRuntime/7.36.3 Wed, 06 Mar 2024 09:41:27 GMT - error-message: Invalid email or password
 POST /auth/login 401 5.163 ms PostmanRuntime/7.36.3 Wed, 06 Mar 2024 09:41:28 GMT - error-message: Invalid email or password
 POST /auth/login 401 4.047 ms PostmanRuntime/7.36.3 Wed, 06 Mar 2024 09:41:29 GMT - error-message: Invalid email or password
 POST /auth/login 401 6.767 ms PostmanRuntime/7.36.3 Wed, 06 Mar 2024 09:41:29 GMT - error-message: Invalid email or password
 POST /auth/login 401 6.150 ms PostmanRuntime/7.36.3 Wed, 06 Mar 2024 09:41:30 GMT - error-message: Invalid email or password
 POST /auth/login 401 4.139 ms PostmanRuntime/7.36.3 Wed, 06 Mar 2024 09:41:31 GMT - error-message: Invalid email or password
 POST /auth/login 401 3.745 ms PostmanRuntime/7.36.3 Wed, 06 Mar 2024 09:41:31 GMT - error-message: Invalid email or password
 POST /auth/login 401 6.397 ms PostmanRuntime/7.36.3 Wed, 06 Mar 2024 09:41:32 GMT - error-message: Invalid email or password
 POST /auth/login 401 5.500 ms PostmanRuntime/7.36.3 Wed, 06 Mar 2024 09:41:32 GMT - error-message: Invalid email or password
 POST /auth/login 401 3.392 ms PostmanRuntime/7.36.3 Wed, 06 Mar 2024 09:41:33 GMT - error-message: Invalid email or password
 POST /auth/login 401 3.388 ms PostmanRuntime/7.36.3 Wed, 06 Mar 2024 09:41:34 GMT - error-message: Invalid email or password
 POST /auth/login 500 21.479 ms PostmanRuntime/7.36.3 Wed, 06 Mar 2024 09:44:28 GMT - error-message: Internal Server Error
 POST /auth/login 500 21.819 ms PostmanRuntime/7.36.3 Wed, 06 Mar 2024 09:45:15 GMT - error-message: Internal Server Error
 POST /auth/login 500 11.507 ms PostmanRuntime/7.36.3 Wed, 06 Mar 2024 09:45:45 GMT - error-message: Internal Server Error
 POST /auth/login 500 11.449 ms PostmanRuntime/7.36.3 Wed, 06 Mar 2024 09:45:46 GMT - error-message: Internal Server Error
 POST /auth/login 500 12.734 ms PostmanRuntime/7.36.3 Wed, 06 Mar 2024 09:45:46 GMT - error-message: Internal Server Error
 POST /auth/login 500 9.442 ms PostmanRuntime/7.36.3 Wed, 06 Mar 2024 09:45:47 GMT - error-message: Internal Server Error
 POST /auth/login 500 12.666 ms PostmanRuntime/7.36.3 Wed, 06 Mar 2024 09:45:48 GMT - error-message: Internal Server Error
 POST /auth/login 500 24.578 ms PostmanRuntime/7.36.3 Wed, 06 Mar 2024 09:46:22 GMT - error-message: Internal Server Error
 POST /auth/login 401 26.068 ms PostmanRuntime/7.36.3 Wed, 06 Mar 2024 09:47:17 GMT - error-message: Invalid email or password
 POST /auth/login 401 28.604 ms PostmanRuntime/7.36.3 Wed, 06 Mar 2024 09:49:14 GMT - error-message: Invalid email or password
 POST /auth/login 401 17.649 ms PostmanRuntime/7.36.3 Wed, 06 Mar 2024 09:49:52 GMT - error-message: Invalid email or password
 POST /auth/login 500 7.119 ms PostmanRuntime/7.36.3 Wed, 06 Mar 2024 09:50:17 GMT - error-message: Cannot read properties of null (reading 'value')
 POST /auth/login 500 27.681 ms PostmanRuntime/7.36.3 Wed, 06 Mar 2024 09:51:02 GMT - error-message: Cannot read properties of null (reading 'value')
 POST /auth/login 500 23.833 ms PostmanRuntime/7.36.3 Wed, 06 Mar 2024 11:24:51 GMT - error-message: Cannot read properties of null (reading 'value')
 POST /auth/login 401 12.024 ms PostmanRuntime/7.36.3 Wed, 06 Mar 2024 11:25:46 GMT - error-message: Invalid email or password
 POST /auth/login 401 5.702 ms PostmanRuntime/7.36.3 Wed, 06 Mar 2024 11:25:53 GMT - error-message: Invalid email or password
 POST /auth/login 401 14.501 ms PostmanRuntime/7.36.3 Wed, 06 Mar 2024 11:25:59 GMT - error-message: Invalid email or password
 POST /auth/login 401 4.953 ms PostmanRuntime/7.36.3 Wed, 06 Mar 2024 11:26:05 GMT - error-message: Invalid email or password
 POST /auth/login 401 5.588 ms PostmanRuntime/7.36.3 Wed, 06 Mar 2024 11:26:06 GMT - error-message: Invalid email or password
 POST /auth/login 401 5.047 ms PostmanRuntime/7.36.3 Wed, 06 Mar 2024 11:26:06 GMT - error-message: Invalid email or password
 POST /auth/login 401 6.111 ms PostmanRuntime/7.36.3 Wed, 06 Mar 2024 11:26:07 GMT - error-message: Invalid email or password
 POST /auth/login 401 5.090 ms PostmanRuntime/7.36.3 Wed, 06 Mar 2024 11:26:08 GMT - error-message: Invalid email or password
 POST /auth/login 401 13.122 ms PostmanRuntime/7.36.3 Wed, 06 Mar 2024 11:26:09 GMT - error-message: Invalid email or password
 POST /auth/login 401 5.645 ms PostmanRuntime/7.36.3 Wed, 06 Mar 2024 11:26:11 GMT - error-message: Invalid email or password
 POST /auth/login 500 6.110 ms PostmanRuntime/7.36.3 Wed, 06 Mar 2024 11:26:12 GMT - error-message: Internal Server Error
 POST /auth/login 500 5.945 ms PostmanRuntime/7.36.3 Wed, 06 Mar 2024 11:26:17 GMT - error-message: Internal Server Error
 POST /auth/login 500 6.832 ms PostmanRuntime/7.36.3 Wed, 06 Mar 2024 11:26:18 GMT - error-message: Internal Server Error
 POST /auth/login 500 7.594 ms PostmanRuntime/7.36.3 Wed, 06 Mar 2024 11:26:55 GMT - error-message: Cannot read properties of null (reading 'value')
 POST /auth/login 401 16.834 ms PostmanRuntime/7.36.3 Wed, 06 Mar 2024 11:27:29 GMT - error-message: Invalid email or password
 POST /auth/login 200 75.572 ms PostmanRuntime/7.36.3 Wed, 06 Mar 2024 11:28:12 GMT
 POST /auth/login 500 28.425 ms PostmanRuntime/7.36.3 Wed, 06 Mar 2024 11:28:22 GMT - error-message: Cannot read properties of null (reading 'value')
 POST /auth/login 401 21.764 ms PostmanRuntime/7.36.3 Wed, 06 Mar 2024 11:28:45 GMT - error-message: Invalid email or password
 POST /auth/login 200 36.481 ms PostmanRuntime/7.36.3 Wed, 06 Mar 2024 11:28:59 GMT
 POST /auth/login 401 23.875 ms PostmanRuntime/7.36.3 Wed, 06 Mar 2024 11:29:03 GMT - error-message: Invalid email or password
 POST /auth/login 401 21.875 ms PostmanRuntime/7.36.3 Wed, 06 Mar 2024 11:29:06 GMT - error-message: Invalid email or password
 POST /auth/login 401 23.763 ms PostmanRuntime/7.36.3 Wed, 06 Mar 2024 11:29:07 GMT - error-message: Invalid email or password
 POST /auth/login 401 23.598 ms PostmanRuntime/7.36.3 Wed, 06 Mar 2024 11:29:07 GMT - error-message: Invalid email or password
 POST /auth/login 401 24.421 ms PostmanRuntime/7.36.3 Wed, 06 Mar 2024 11:29:08 GMT - error-message: Invalid email or password
 POST /auth/login 401 32.674 ms PostmanRuntime/7.36.3 Wed, 06 Mar 2024 11:29:09 GMT - error-message: Invalid email or password
 POST /auth/login 401 21.249 ms PostmanRuntime/7.36.3 Wed, 06 Mar 2024 11:29:10 GMT - error-message: Invalid email or password
 POST /auth/login 401 22.809 ms PostmanRuntime/7.36.3 Wed, 06 Mar 2024 11:29:10 GMT - error-message: Invalid email or password
 POST /auth/login 401 21.776 ms PostmanRuntime/7.36.3 Wed, 06 Mar 2024 11:29:11 GMT - error-message: Invalid email or password
 POST /auth/login 500 26.171 ms PostmanRuntime/7.36.3 Wed, 06 Mar 2024 11:29:12 GMT - error-message: Internal Server Error
 POST /auth/login 500 24.441 ms PostmanRuntime/7.36.3 Wed, 06 Mar 2024 11:29:14 GMT - error-message: Internal Server Error
 POST /auth/login 500 26.610 ms PostmanRuntime/7.36.3 Wed, 06 Mar 2024 11:29:16 GMT - error-message: Internal Server Error
 POST /auth/login 500 25.871 ms PostmanRuntime/7.36.3 Wed, 06 Mar 2024 11:29:16 GMT - error-message: Internal Server Error
 POST /auth/login 500 23.803 ms PostmanRuntime/7.36.3 Wed, 06 Mar 2024 11:29:17 GMT - error-message: Internal Server Error
 POST /auth/login 500 21.885 ms PostmanRuntime/7.36.3 Wed, 06 Mar 2024 11:29:18 GMT - error-message: Internal Server Error
 POST /auth/login 500 23.688 ms PostmanRuntime/7.36.3 Wed, 06 Mar 2024 11:29:19 GMT - error-message: Internal Server Error
 POST /auth/login 500 24.791 ms PostmanRuntime/7.36.3 Wed, 06 Mar 2024 11:29:19 GMT - error-message: Internal Server Error
 POST /auth/login 500 22.828 ms PostmanRuntime/7.36.3 Wed, 06 Mar 2024 11:29:20 GMT - error-message: Internal Server Error
 POST /auth/login 500 23.196 ms PostmanRuntime/7.36.3 Wed, 06 Mar 2024 11:29:52 GMT - error-message: Cannot read properties of null (reading 'value')
 POST /auth/login 401 21.533 ms PostmanRuntime/7.36.3 Wed, 06 Mar 2024 11:29:55 GMT - error-message: Invalid email or password
 POST /auth/login 200 54.392 ms PostmanRuntime/7.36.3 Wed, 06 Mar 2024 11:30:38 GMT
 POST /auth/login 401 24.131 ms PostmanRuntime/7.36.3 Wed, 06 Mar 2024 11:30:46 GMT - error-message: Invalid email or password
 POST /auth/login 200 25.502 ms PostmanRuntime/7.36.3 Wed, 06 Mar 2024 11:30:51 GMT
 POST /auth/login 401 22.452 ms PostmanRuntime/7.36.3 Wed, 06 Mar 2024 11:30:56 GMT - error-message: Invalid email or password
 POST /auth/login 401 43.549 ms PostmanRuntime/7.36.3 Wed, 06 Mar 2024 11:34:22 GMT - error-message: Invalid email or password
 POST /auth/login 401 22.706 ms PostmanRuntime/7.36.3 Wed, 06 Mar 2024 11:34:27 GMT - error-message: Invalid email or password
 POST /auth/login 401 32.543 ms PostmanRuntime/7.36.3 Wed, 06 Mar 2024 11:34:28 GMT - error-message: Invalid email or password
 POST /auth/login 401 22.479 ms PostmanRuntime/7.36.3 Wed, 06 Mar 2024 11:34:29 GMT - error-message: Invalid email or password
 POST /auth/login 401 27.828 ms PostmanRuntime/7.36.3 Wed, 06 Mar 2024 11:34:29 GMT - error-message: Invalid email or password
 POST /auth/login 401 22.596 ms PostmanRuntime/7.36.3 Wed, 06 Mar 2024 11:34:30 GMT - error-message: Invalid email or password
 POST /auth/login 401 23.981 ms PostmanRuntime/7.36.3 Wed, 06 Mar 2024 11:34:31 GMT - error-message: Invalid email or password
 POST /auth/login 500 26.040 ms PostmanRuntime/7.36.3 Wed, 06 Mar 2024 11:34:32 GMT - error-message: Internal Server Error
 POST /auth/login 500 6.425 ms PostmanRuntime/7.36.3 Wed, 06 Mar 2024 11:37:04 GMT - error-message: Cannot read properties of undefined (reading 'maxAttemptsByIpUsername')
 POST /auth/login 500 6.513 ms PostmanRuntime/7.36.3 Wed, 06 Mar 2024 11:38:23 GMT - error-message: Cannot read properties of undefined (reading 'maxAttemptByIpUsername')
 POST /auth/login 500 44.791 ms PostmanRuntime/7.36.3 Wed, 06 Mar 2024 11:39:48 GMT - error-message: Internal Server Error
 POST /auth/login 500 44.726 ms PostmanRuntime/7.36.3 Wed, 06 Mar 2024 11:40:12 GMT - error-message: Cannot read properties of null (reading 'value')
 POST /auth/login 401 23.186 ms PostmanRuntime/7.36.3 Wed, 06 Mar 2024 11:40:15 GMT - error-message: Invalid email or password
 POST /auth/login 200 70.907 ms PostmanRuntime/7.36.3 Wed, 06 Mar 2024 11:41:00 GMT
 POST /auth/login 401 23.074 ms PostmanRuntime/7.36.3 Wed, 06 Mar 2024 11:43:41 GMT - error-message: Invalid email or password
 POST /auth/login 401 41.026 ms PostmanRuntime/7.36.3 Wed, 06 Mar 2024 11:43:43 GMT - error-message: Invalid email or password
 POST /auth/login 401 21.811 ms PostmanRuntime/7.36.3 Wed, 06 Mar 2024 11:43:44 GMT - error-message: Invalid email or password
 POST /auth/login 401 22.549 ms PostmanRuntime/7.36.3 Wed, 06 Mar 2024 11:43:45 GMT - error-message: Invalid email or password
 POST /auth/login 401 21.378 ms PostmanRuntime/7.36.3 Wed, 06 Mar 2024 11:43:46 GMT - error-message: Invalid email or password
 POST /auth/login 401 21.404 ms PostmanRuntime/7.36.3 Wed, 06 Mar 2024 11:43:46 GMT - error-message: Invalid email or password
 POST /auth/login 401 22.090 ms PostmanRuntime/7.36.3 Wed, 06 Mar 2024 11:43:47 GMT - error-message: Invalid email or password
 POST /auth/login 401 21.530 ms PostmanRuntime/7.36.3 Wed, 06 Mar 2024 11:43:48 GMT - error-message: Invalid email or password
 POST /auth/login 401 25.986 ms PostmanRuntime/7.36.3 Wed, 06 Mar 2024 11:43:48 GMT - error-message: Invalid email or password
 POST /auth/login 500 34.648 ms PostmanRuntime/7.36.3 Wed, 06 Mar 2024 11:43:52 GMT - error-message: Internal Server Error
 POST /auth/login 200 82.479 ms PostmanRuntime/7.36.3 Wed, 06 Mar 2024 11:49:40 GMT
 POST /auth/login 200 54.568 ms PostmanRuntime/7.36.3 Wed, 06 Mar 2024 11:50:41 GMT
 POST /auth/login 500 29.668 ms PostmanRuntime/7.36.3 Wed, 06 Mar 2024 11:50:46 GMT - error-message: Cannot read properties of null (reading 'value')
 POST /auth/login 401 23.308 ms PostmanRuntime/7.36.3 Wed, 06 Mar 2024 11:50:48 GMT - error-message: Invalid email or password
 POST /auth/login 401 21.567 ms PostmanRuntime/7.36.3 Wed, 06 Mar 2024 11:50:50 GMT - error-message: Invalid email or password
 POST /auth/login 401 34.298 ms PostmanRuntime/7.36.3 Wed, 06 Mar 2024 11:50:50 GMT - error-message: Invalid email or password
 POST /auth/login 401 20.989 ms PostmanRuntime/7.36.3 Wed, 06 Mar 2024 11:50:51 GMT - error-message: Invalid email or password
 POST /auth/login 401 21.423 ms PostmanRuntime/7.36.3 Wed, 06 Mar 2024 11:50:52 GMT - error-message: Invalid email or password
 POST /auth/login 401 22.398 ms PostmanRuntime/7.36.3 Wed, 06 Mar 2024 11:50:52 GMT - error-message: Invalid email or password
 POST /auth/login 401 22.204 ms PostmanRuntime/7.36.3 Wed, 06 Mar 2024 11:50:53 GMT - error-message: Invalid email or password
 POST /auth/login 401 25.749 ms PostmanRuntime/7.36.3 Wed, 06 Mar 2024 11:50:53 GMT - error-message: Invalid email or password
 POST /auth/login 401 20.728 ms PostmanRuntime/7.36.3 Wed, 06 Mar 2024 11:50:54 GMT - error-message: Invalid email or password
 POST /auth/login 401 22.070 ms PostmanRuntime/7.36.3 Wed, 06 Mar 2024 11:50:55 GMT - error-message: Invalid email or password
 POST /auth/login 500 24.530 ms PostmanRuntime/7.36.3 Wed, 06 Mar 2024 11:50:55 GMT - error-message: Internal Server Error
 POST /auth/login 200 70.729 ms PostmanRuntime/7.36.3 Wed, 06 Mar 2024 12:31:51 GMT
 POST /auth/login 200 57.269 ms PostmanRuntime/7.36.3 Wed, 06 Mar 2024 12:32:59 GMT
 POST /auth/login 401 23.658 ms PostmanRuntime/7.36.3 Wed, 06 Mar 2024 12:33:10 GMT - error-message: Invalid email or password
 POST /auth/login 401 45.724 ms PostmanRuntime/7.36.3 Wed, 06 Mar 2024 12:33:27 GMT - error-message: Invalid email or password
 POST /auth/login 401 21.714 ms PostmanRuntime/7.36.3 Wed, 06 Mar 2024 12:33:29 GMT - error-message: Invalid email or password
 POST /auth/login 401 24.388 ms PostmanRuntime/7.36.3 Wed, 06 Mar 2024 12:33:31 GMT - error-message: Invalid email or password
 POST /auth/login 401 22.754 ms PostmanRuntime/7.36.3 Wed, 06 Mar 2024 12:33:31 GMT - error-message: Invalid email or password
 POST /auth/login 401 22.681 ms PostmanRuntime/7.36.3 Wed, 06 Mar 2024 12:33:32 GMT - error-message: Invalid email or password
 POST /auth/login 401 23.542 ms PostmanRuntime/7.36.3 Wed, 06 Mar 2024 12:33:33 GMT - error-message: Invalid email or password
 POST /auth/login 401 20.377 ms PostmanRuntime/7.36.3 Wed, 06 Mar 2024 12:33:33 GMT - error-message: Invalid email or password
 POST /auth/login 401 25.591 ms PostmanRuntime/7.36.3 Wed, 06 Mar 2024 12:33:34 GMT - error-message: Invalid email or password
 POST /auth/login 401 20.924 ms PostmanRuntime/7.36.3 Wed, 06 Mar 2024 12:33:35 GMT - error-message: Invalid email or password
 POST /auth/login 401 20.509 ms PostmanRuntime/7.36.3 Wed, 06 Mar 2024 12:33:35 GMT - error-message: Invalid email or password
 POST /auth/login 401 20.034 ms PostmanRuntime/7.36.3 Wed, 06 Mar 2024 12:33:36 GMT - error-message: Invalid email or password
 POST /auth/login 401 23.207 ms PostmanRuntime/7.36.3 Wed, 06 Mar 2024 12:33:37 GMT - error-message: Invalid email or password
 POST /auth/login 401 21.138 ms PostmanRuntime/7.36.3 Wed, 06 Mar 2024 12:33:38 GMT - error-message: Invalid email or password
 POST /auth/login 401 26.222 ms PostmanRuntime/7.36.3 Wed, 06 Mar 2024 12:33:38 GMT - error-message: Invalid email or password
 POST /auth/login 401 20.502 ms PostmanRuntime/7.36.3 Wed, 06 Mar 2024 12:33:39 GMT - error-message: Invalid email or password
 POST /auth/login 401 32.345 ms PostmanRuntime/7.36.3 Wed, 06 Mar 2024 12:33:40 GMT - error-message: Invalid email or password
 POST /auth/login 401 21.531 ms PostmanRuntime/7.36.3 Wed, 06 Mar 2024 12:33:40 GMT - error-message: Invalid email or password
 POST /auth/login 401 36.373 ms PostmanRuntime/7.36.3 Wed, 06 Mar 2024 12:33:41 GMT - error-message: Invalid email or password
 POST /auth/login 401 57.475 ms PostmanRuntime/7.36.3 Wed, 06 Mar 2024 12:39:50 GMT - error-message: Invalid email or password
 POST /auth/login 401 21.361 ms PostmanRuntime/7.36.3 Wed, 06 Mar 2024 12:39:53 GMT - error-message: Invalid email or password
 POST /auth/login 401 20.238 ms PostmanRuntime/7.36.3 Wed, 06 Mar 2024 12:39:54 GMT - error-message: Invalid email or password
 POST /auth/login 401 22.473 ms PostmanRuntime/7.36.3 Wed, 06 Mar 2024 12:39:55 GMT - error-message: Invalid email or password
 POST /auth/login 500 51.099 ms PostmanRuntime/7.36.3 Wed, 06 Mar 2024 12:40:27 GMT - error-message: Cannot read properties of null (reading 'value')
 POST /auth/login 401 24.866 ms PostmanRuntime/7.36.3 Wed, 06 Mar 2024 12:40:31 GMT - error-message: Invalid email or password
 POST /auth/login 401 20.926 ms PostmanRuntime/7.36.3 Wed, 06 Mar 2024 12:40:33 GMT - error-message: Invalid email or password
 POST /auth/login 401 20.214 ms PostmanRuntime/7.36.3 Wed, 06 Mar 2024 12:40:34 GMT - error-message: Invalid email or password
 POST /auth/login 401 23.254 ms PostmanRuntime/7.36.3 Wed, 06 Mar 2024 12:40:34 GMT - error-message: Invalid email or password
 POST /auth/login 401 22.945 ms PostmanRuntime/7.36.3 Wed, 06 Mar 2024 12:40:35 GMT - error-message: Invalid email or password
 POST /auth/login 401 20.304 ms PostmanRuntime/7.36.3 Wed, 06 Mar 2024 12:40:36 GMT - error-message: Invalid email or password
 POST /auth/login 401 22.745 ms PostmanRuntime/7.36.3 Wed, 06 Mar 2024 12:40:37 GMT - error-message: Invalid email or password
 POST /auth/login 401 25.357 ms PostmanRuntime/7.36.3 Wed, 06 Mar 2024 12:40:37 GMT - error-message: Invalid email or password
 POST /auth/login 401 27.825 ms PostmanRuntime/7.36.3 Wed, 06 Mar 2024 12:40:38 GMT - error-message: Invalid email or password
 POST /auth/login 401 27.598 ms PostmanRuntime/7.36.3 Wed, 06 Mar 2024 12:40:39 GMT - error-message: Invalid email or password
 POST /auth/login 401 19.409 ms PostmanRuntime/7.36.3 Wed, 06 Mar 2024 12:40:40 GMT - error-message: Invalid email or password
 POST /auth/login 401 23.060 ms PostmanRuntime/7.36.3 Wed, 06 Mar 2024 12:40:40 GMT - error-message: Invalid email or password
 POST /auth/login 401 25.561 ms PostmanRuntime/7.36.3 Wed, 06 Mar 2024 12:40:41 GMT - error-message: Invalid email or password
 POST /auth/login 401 20.354 ms PostmanRuntime/7.36.3 Wed, 06 Mar 2024 12:40:42 GMT - error-message: Invalid email or password
 POST /auth/login 401 21.873 ms PostmanRuntime/7.36.3 Wed, 06 Mar 2024 12:40:43 GMT - error-message: Invalid email or password
 POST /auth/login 500 45.955 ms PostmanRuntime/7.36.3 Wed, 06 Mar 2024 12:45:24 GMT - error-message: Cannot read properties of null (reading 'value')
 POST /auth/login 401 22.748 ms PostmanRuntime/7.36.3 Wed, 06 Mar 2024 12:45:26 GMT - error-message: Invalid email or password
 POST /auth/login 401 33.256 ms PostmanRuntime/7.36.3 Wed, 06 Mar 2024 12:45:27 GMT - error-message: Invalid email or password
 POST /auth/login 401 43.767 ms PostmanRuntime/7.36.3 Wed, 06 Mar 2024 12:45:54 GMT - error-message: Invalid email or password
 POST /auth/login 401 24.852 ms PostmanRuntime/7.36.3 Wed, 06 Mar 2024 12:45:56 GMT - error-message: Invalid email or password
 POST /auth/login 401 21.739 ms PostmanRuntime/7.36.3 Wed, 06 Mar 2024 12:45:56 GMT - error-message: Invalid email or password
 POST /auth/login 401 26.499 ms PostmanRuntime/7.36.3 Wed, 06 Mar 2024 12:45:57 GMT - error-message: Invalid email or password
 POST /auth/login 401 23.547 ms PostmanRuntime/7.36.3 Wed, 06 Mar 2024 12:45:58 GMT - error-message: Invalid email or password
 POST /auth/login 401 26.746 ms PostmanRuntime/7.36.3 Wed, 06 Mar 2024 12:45:58 GMT - error-message: Invalid email or password
 POST /auth/login 401 23.498 ms PostmanRuntime/7.36.3 Wed, 06 Mar 2024 12:45:59 GMT - error-message: Invalid email or password
 POST /auth/login 401 32.976 ms PostmanRuntime/7.36.3 Wed, 06 Mar 2024 12:46:00 GMT - error-message: Invalid email or password
 POST /auth/login 500 24.689 ms PostmanRuntime/7.36.3 Wed, 06 Mar 2024 12:46:00 GMT - error-message: Internal Server Error
 POST /auth/login 500 23.246 ms PostmanRuntime/7.36.3 Wed, 06 Mar 2024 12:46:01 GMT - error-message: Internal Server Error
 POST /auth/login 500 6.811 ms PostmanRuntime/7.36.3 Wed, 06 Mar 2024 12:49:24 GMT - error-message: Cannot read properties of undefined (reading 'maxAttemptsByIpUsername')
 POST /auth/login 500 4.022 ms PostmanRuntime/7.36.3 Wed, 06 Mar 2024 12:49:28 GMT - error-message: Cannot read properties of undefined (reading 'maxAttemptsByIpUsername')
 POST /auth/login 500 3.072 ms PostmanRuntime/7.36.3 Wed, 06 Mar 2024 12:49:30 GMT - error-message: Cannot read properties of undefined (reading 'maxAttemptsByIpUsername')
 POST /auth/login 401 54.213 ms PostmanRuntime/7.36.3 Wed, 06 Mar 2024 12:57:46 GMT - error-message: Incorrect email or password
 POST /auth/login 401 58.880 ms PostmanRuntime/7.36.3 Wed, 06 Mar 2024 12:58:16 GMT - error-message: Incorrect email or password
 POST /auth/login 401 26.116 ms PostmanRuntime/7.36.3 Wed, 06 Mar 2024 12:58:20 GMT - error-message: Incorrect email or password
 POST /auth/login 401 22.672 ms PostmanRuntime/7.36.3 Wed, 06 Mar 2024 12:58:21 GMT - error-message: Incorrect email or password
 POST /auth/login 401 23.066 ms PostmanRuntime/7.36.3 Wed, 06 Mar 2024 12:58:22 GMT - error-message: Incorrect email or password
 POST /auth/login 401 29.202 ms PostmanRuntime/7.36.3 Wed, 06 Mar 2024 12:58:23 GMT - error-message: Incorrect email or password
 POST /auth/login 401 23.825 ms PostmanRuntime/7.36.3 Wed, 06 Mar 2024 12:58:23 GMT - error-message: Incorrect email or password
 POST /auth/login 401 25.625 ms PostmanRuntime/7.36.3 Wed, 06 Mar 2024 12:58:24 GMT - error-message: Incorrect email or password
 POST /auth/login 401 21.875 ms PostmanRuntime/7.36.3 Wed, 06 Mar 2024 12:58:25 GMT - error-message: Incorrect email or password
 POST /auth/login 401 23.290 ms PostmanRuntime/7.36.3 Wed, 06 Mar 2024 12:58:26 GMT - error-message: Incorrect email or password
 POST /auth/login 401 21.566 ms PostmanRuntime/7.36.3 Wed, 06 Mar 2024 12:58:27 GMT - error-message: Incorrect email or password
 POST /auth/login 401 24.399 ms PostmanRuntime/7.36.3 Wed, 06 Mar 2024 12:58:28 GMT - error-message: Incorrect email or password
 POST /auth/login 401 22.857 ms PostmanRuntime/7.36.3 Wed, 06 Mar 2024 12:58:29 GMT - error-message: Incorrect email or password
 POST /auth/login 401 24.417 ms PostmanRuntime/7.36.3 Wed, 06 Mar 2024 12:58:30 GMT - error-message: Incorrect email or password
 POST /auth/login 401 48.992 ms PostmanRuntime/7.36.3 Wed, 06 Mar 2024 13:03:23 GMT - error-message: Incorrect email or password
 POST /auth/login 401 28.400 ms PostmanRuntime/7.36.3 Wed, 06 Mar 2024 13:03:26 GMT - error-message: Incorrect email or password
 POST /auth/login 401 24.095 ms PostmanRuntime/7.36.3 Wed, 06 Mar 2024 13:03:27 GMT - error-message: Incorrect email or password
 POST /auth/login 401 29.359 ms PostmanRuntime/7.36.3 Wed, 06 Mar 2024 13:03:28 GMT - error-message: Incorrect email or password
 POST /auth/login 401 22.602 ms PostmanRuntime/7.36.3 Wed, 06 Mar 2024 13:03:29 GMT - error-message: Incorrect email or password
 POST /auth/login 401 45.585 ms PostmanRuntime/7.36.3 Wed, 06 Mar 2024 13:03:30 GMT - error-message: Incorrect email or password
 POST /auth/login 401 28.380 ms PostmanRuntime/7.36.3 Wed, 06 Mar 2024 13:03:30 GMT - error-message: Incorrect email or password
 POST /auth/login 401 23.014 ms PostmanRuntime/7.36.3 Wed, 06 Mar 2024 13:03:31 GMT - error-message: Incorrect email or password
 POST /auth/login 401 34.024 ms PostmanRuntime/7.36.3 Wed, 06 Mar 2024 13:03:32 GMT - error-message: Incorrect email or password
 POST /auth/login 401 44.989 ms PostmanRuntime/7.36.3 Wed, 06 Mar 2024 13:03:33 GMT - error-message: Incorrect email or password
 POST /auth/login 401 22.903 ms PostmanRuntime/7.36.3 Wed, 06 Mar 2024 13:03:33 GMT - error-message: Incorrect email or password
 POST /auth/login 401 42.230 ms PostmanRuntime/7.36.3 Wed, 06 Mar 2024 13:04:38 GMT - error-message: Invalid email or password
 POST /auth/login 200 68.877 ms PostmanRuntime/7.36.3 Wed, 06 Mar 2024 13:17:11 GMT
 POST /auth/login 200 55.429 ms PostmanRuntime/7.36.3 Wed, 06 Mar 2024 13:17:38 GMT
 POST /auth/login 200 24.263 ms PostmanRuntime/7.36.3 Wed, 06 Mar 2024 13:17:41 GMT
 POST /auth/login 500 26.610 ms PostmanRuntime/7.36.3 Wed, 06 Mar 2024 13:17:50 GMT - error-message: Cannot read properties of undefined (reading 'consume')
 POST /auth/login 500 24.161 ms PostmanRuntime/7.36.3 Wed, 06 Mar 2024 13:17:52 GMT - error-message: Cannot read properties of undefined (reading 'consume')
 POST /auth/login 500 22.478 ms PostmanRuntime/7.36.3 Wed, 06 Mar 2024 13:17:53 GMT - error-message: Cannot read properties of undefined (reading 'consume')
 POST /auth/login 401 40.688 ms PostmanRuntime/7.36.3 Wed, 06 Mar 2024 13:18:58 GMT - error-message: Invalid email or password
 POST /auth/login 401 25.717 ms PostmanRuntime/7.36.3 Wed, 06 Mar 2024 13:18:59 GMT - error-message: Invalid email or password
 POST /auth/login 401 20.514 ms PostmanRuntime/7.36.3 Wed, 06 Mar 2024 13:19:00 GMT - error-message: Invalid email or password
 POST /auth/login 401 21.053 ms PostmanRuntime/7.36.3 Wed, 06 Mar 2024 13:19:00 GMT - error-message: Invalid email or password
 POST /auth/login 401 20.557 ms PostmanRuntime/7.36.3 Wed, 06 Mar 2024 13:19:01 GMT - error-message: Invalid email or password
 POST /auth/login 401 21.331 ms PostmanRuntime/7.36.3 Wed, 06 Mar 2024 13:19:02 GMT - error-message: Invalid email or password
 POST /auth/login 401 19.697 ms PostmanRuntime/7.36.3 Wed, 06 Mar 2024 13:19:02 GMT - error-message: Invalid email or password
 POST /auth/login 401 39.682 ms PostmanRuntime/7.36.3 Wed, 06 Mar 2024 13:19:03 GMT - error-message: Invalid email or password
 POST /auth/login 401 21.218 ms PostmanRuntime/7.36.3 Wed, 06 Mar 2024 13:19:03 GMT - error-message: Invalid email or password
 POST /auth/login 401 19.684 ms PostmanRuntime/7.36.3 Wed, 06 Mar 2024 13:19:04 GMT - error-message: Invalid email or password
 POST /auth/login 401 22.800 ms PostmanRuntime/7.36.3 Wed, 06 Mar 2024 13:19:05 GMT - error-message: Invalid email or password
 POST /auth/login 401 20.743 ms PostmanRuntime/7.36.3 Wed, 06 Mar 2024 13:19:05 GMT - error-message: Invalid email or password
 POST /auth/login 401 21.862 ms PostmanRuntime/7.36.3 Wed, 06 Mar 2024 13:19:07 GMT - error-message: Invalid email or password
 POST /auth/login 401 19.586 ms PostmanRuntime/7.36.3 Wed, 06 Mar 2024 13:19:12 GMT - error-message: Invalid email or password
 POST /auth/login 500 48.283 ms PostmanRuntime/7.36.3 Wed, 06 Mar 2024 13:20:31 GMT - error-message: Cannot read properties of undefined (reading 'consume')
 POST /auth/login 500 46.898 ms PostmanRuntime/7.36.3 Wed, 06 Mar 2024 13:22:01 GMT - error-message: Cannot read properties of null (reading 'value')
 POST /auth/login 500 53.399 ms PostmanRuntime/7.36.3 Wed, 06 Mar 2024 13:25:20 GMT - error-message: Cannot read properties of undefined (reading 'id')
 POST /auth/login 500 45.590 ms PostmanRuntime/7.36.3 Wed, 06 Mar 2024 13:27:52 GMT - error-message: Cannot read properties of undefined (reading 'id')
 POST /auth/login 500 31.568 ms PostmanRuntime/7.36.3 Wed, 06 Mar 2024 13:27:56 GMT - error-message: Cannot read properties of undefined (reading 'id')
 POST /auth/login 200 79.386 ms PostmanRuntime/7.36.3 Wed, 06 Mar 2024 13:32:38 GMT
 POST /auth/login 200 54.491 ms PostmanRuntime/7.36.3 Wed, 06 Mar 2024 13:32:50 GMT
 POST /auth/login 500 25.284 ms PostmanRuntime/7.36.3 Wed, 06 Mar 2024 13:32:55 GMT - error-message: Cannot read properties of undefined (reading 'id')
 POST /auth/login 500 43.263 ms PostmanRuntime/7.36.3 Wed, 06 Mar 2024 13:33:08 GMT - error-message: Cannot read properties of undefined (reading 'id')
 POST /auth/login 500 24.578 ms PostmanRuntime/7.36.3 Wed, 06 Mar 2024 13:33:56 GMT - error-message: Cannot read properties of undefined (reading 'id')
 POST /auth/login 401 45.138 ms PostmanRuntime/7.36.3 Wed, 06 Mar 2024 13:34:26 GMT - error-message: Incorrect email or password
 POST /auth/login 401 38.355 ms PostmanRuntime/7.36.3 Wed, 06 Mar 2024 13:34:30 GMT - error-message: Incorrect email or password
 POST /auth/login 401 22.386 ms PostmanRuntime/7.36.3 Wed, 06 Mar 2024 13:34:31 GMT - error-message: Incorrect email or password
 POST /auth/login 401 26.572 ms PostmanRuntime/7.36.3 Wed, 06 Mar 2024 13:34:32 GMT - error-message: Incorrect email or password
 POST /auth/login 401 22.825 ms PostmanRuntime/7.36.3 Wed, 06 Mar 2024 13:34:33 GMT - error-message: Incorrect email or password
 POST /auth/login 401 22.881 ms PostmanRuntime/7.36.3 Wed, 06 Mar 2024 13:34:33 GMT - error-message: Incorrect email or password
 POST /auth/login 401 29.102 ms PostmanRuntime/7.36.3 Wed, 06 Mar 2024 13:34:34 GMT - error-message: Incorrect email or password
 POST /auth/login 401 22.016 ms PostmanRuntime/7.36.3 Wed, 06 Mar 2024 13:34:34 GMT - error-message: Incorrect email or password
 POST /auth/login 401 22.511 ms PostmanRuntime/7.36.3 Wed, 06 Mar 2024 13:34:35 GMT - error-message: Incorrect email or password
 POST /auth/login 401 40.308 ms PostmanRuntime/7.36.3 Wed, 06 Mar 2024 13:34:35 GMT - error-message: Incorrect email or password
 POST /auth/login 401 61.373 ms PostmanRuntime/7.36.3 Wed, 06 Mar 2024 13:35:09 GMT - error-message: Incorrect email or password
 POST /auth/login 200 42.774 ms PostmanRuntime/7.36.3 Wed, 06 Mar 2024 13:35:20 GMT
 POST /auth/login 401 25.614 ms PostmanRuntime/7.36.3 Wed, 06 Mar 2024 13:35:25 GMT - error-message: Incorrect email or password
 POST /auth/login 401 22.624 ms PostmanRuntime/7.36.3 Wed, 06 Mar 2024 13:37:24 GMT - error-message: Incorrect email or password
 POST /auth/login 401 22.709 ms PostmanRuntime/7.36.3 Wed, 06 Mar 2024 13:37:26 GMT - error-message: Incorrect email or password
 POST /auth/login 401 22.505 ms PostmanRuntime/7.36.3 Wed, 06 Mar 2024 13:37:27 GMT - error-message: Incorrect email or password
 POST /auth/login 401 27.907 ms PostmanRuntime/7.36.3 Wed, 06 Mar 2024 13:37:28 GMT - error-message: Incorrect email or password
 POST /auth/login 401 26.693 ms PostmanRuntime/7.36.3 Wed, 06 Mar 2024 13:37:29 GMT - error-message: Incorrect email or password
 POST /auth/login 401 21.660 ms PostmanRuntime/7.36.3 Wed, 06 Mar 2024 13:37:31 GMT - error-message: Incorrect email or password
 POST /auth/login 401 29.954 ms PostmanRuntime/7.36.3 Wed, 06 Mar 2024 13:37:33 GMT - error-message: Incorrect email or password
 POST /auth/login 401 21.418 ms PostmanRuntime/7.36.3 Wed, 06 Mar 2024 13:37:34 GMT - error-message: Incorrect email or password
 POST /auth/login 401 31.368 ms PostmanRuntime/7.36.3 Wed, 06 Mar 2024 13:37:39 GMT - error-message: Incorrect email or password
 POST /auth/login 401 52.702 ms PostmanRuntime/7.36.3 Wed, 06 Mar 2024 13:38:40 GMT - error-message: Incorrect email or password
 POST /auth/login 200 75.159 ms PostmanRuntime/7.36.3 Wed, 06 Mar 2024 13:55:20 GMT
 POST /auth/login 401 27.664 ms PostmanRuntime/7.36.3 Wed, 06 Mar 2024 13:55:35 GMT - error-message: Incorrect email or password
 POST /auth/login 401 25.639 ms PostmanRuntime/7.36.3 Wed, 06 Mar 2024 13:55:43 GMT - error-message: Incorrect email or password
 POST /auth/login 401 27.388 ms PostmanRuntime/7.36.3 Wed, 06 Mar 2024 13:55:43 GMT - error-message: Incorrect email or password
 POST /auth/login 401 27.001 ms PostmanRuntime/7.36.3 Wed, 06 Mar 2024 13:55:44 GMT - error-message: Incorrect email or password
 POST /auth/login 401 29.984 ms PostmanRuntime/7.36.3 Wed, 06 Mar 2024 13:55:45 GMT - error-message: Incorrect email or password
 POST /auth/login 401 96.021 ms PostmanRuntime/7.36.3 Thu, 07 Mar 2024 06:04:56 GMT - error-message: Incorrect email or password
 POST /auth/login 401 26.676 ms PostmanRuntime/7.36.3 Thu, 07 Mar 2024 06:05:16 GMT - error-message: Incorrect email or password
 POST /auth/login 401 29.676 ms PostmanRuntime/7.36.3 Thu, 07 Mar 2024 06:05:20 GMT - error-message: Incorrect email or password
 POST /auth/login 401 23.178 ms PostmanRuntime/7.36.3 Thu, 07 Mar 2024 06:05:21 GMT - error-message: Incorrect email or password
 POST /auth/login 401 26.458 ms PostmanRuntime/7.36.3 Thu, 07 Mar 2024 06:05:24 GMT - error-message: Incorrect email or password
 POST /auth/login 401 22.389 ms PostmanRuntime/7.36.3 Thu, 07 Mar 2024 06:05:25 GMT - error-message: Incorrect email or password
 POST /auth/login 401 25.349 ms PostmanRuntime/7.36.3 Thu, 07 Mar 2024 06:05:27 GMT - error-message: Incorrect email or password
 POST /auth/login 401 24.362 ms PostmanRuntime/7.36.3 Thu, 07 Mar 2024 06:05:28 GMT - error-message: Incorrect email or password
 POST /auth/login 401 24.539 ms PostmanRuntime/7.36.3 Thu, 07 Mar 2024 06:05:29 GMT - error-message: Incorrect email or password
 POST /auth/login 401 28.025 ms PostmanRuntime/7.36.3 Thu, 07 Mar 2024 06:05:30 GMT - error-message: Incorrect email or password
 POST /auth/login 401 24.389 ms PostmanRuntime/7.36.3 Thu, 07 Mar 2024 06:05:34 GMT - error-message: Incorrect email or password
 POST /auth/login 429 16.221 ms PostmanRuntime/7.36.3 Thu, 07 Mar 2024 06:13:31 GMT - error-message: Too many requests
 POST /auth/login 429 16.846 ms PostmanRuntime/7.36.3 Thu, 07 Mar 2024 06:16:48 GMT - error-message: Too many requests
 POST /auth/login 429 23.052 ms PostmanRuntime/7.36.3 Thu, 07 Mar 2024 06:16:59 GMT - error-message: Too many requests
 POST /auth/login 200 282.534 ms PostmanRuntime/7.36.3 Thu, 07 Mar 2024 06:17:19 GMT
 POST /auth/login 200 49.705 ms PostmanRuntime/7.36.3 Thu, 07 Mar 2024 06:17:23 GMT
 POST /auth/login 200 27.685 ms PostmanRuntime/7.36.3 Thu, 07 Mar 2024 06:17:24 GMT
 POST /auth/login 200 32.262 ms PostmanRuntime/7.36.3 Thu, 07 Mar 2024 06:17:25 GMT
 POST /auth/login 200 26.813 ms PostmanRuntime/7.36.3 Thu, 07 Mar 2024 06:17:25 GMT
 POST /auth/login 200 29.039 ms PostmanRuntime/7.36.3 Thu, 07 Mar 2024 06:17:26 GMT
 POST /auth/login 200 31.280 ms PostmanRuntime/7.36.3 Thu, 07 Mar 2024 06:17:27 GMT
 POST /auth/login 200 32.986 ms PostmanRuntime/7.36.3 Thu, 07 Mar 2024 06:17:27 GMT
 POST /auth/login 200 28.198 ms PostmanRuntime/7.36.3 Thu, 07 Mar 2024 06:17:28 GMT
 POST /auth/login 200 32.359 ms PostmanRuntime/7.36.3 Thu, 07 Mar 2024 06:17:28 GMT
 POST /auth/login 429 11.722 ms PostmanRuntime/7.36.3 Thu, 07 Mar 2024 06:17:29 GMT - error-message: Too many requests
 POST /auth/login 429 5.662 ms PostmanRuntime/7.36.3 Thu, 07 Mar 2024 06:17:29 GMT - error-message: Too many requests
 POST /auth/login 401 148.975 ms PostmanRuntime/7.36.3 Thu, 07 Mar 2024 06:17:59 GMT - error-message: Incorrect email or password
 POST /auth/login 401 32.129 ms PostmanRuntime/7.36.3 Thu, 07 Mar 2024 06:18:01 GMT - error-message: Incorrect email or password
 POST /auth/login 401 24.087 ms PostmanRuntime/7.36.3 Thu, 07 Mar 2024 06:18:03 GMT - error-message: Incorrect email or password
 POST /auth/login 401 23.616 ms PostmanRuntime/7.36.3 Thu, 07 Mar 2024 06:18:04 GMT - error-message: Incorrect email or password
 POST /auth/login 401 22.380 ms PostmanRuntime/7.36.3 Thu, 07 Mar 2024 06:18:05 GMT - error-message: Incorrect email or password
 POST /auth/login 401 44.664 ms PostmanRuntime/7.36.3 Thu, 07 Mar 2024 06:18:06 GMT - error-message: Incorrect email or password
 POST /auth/login 401 27.367 ms PostmanRuntime/7.36.3 Thu, 07 Mar 2024 06:18:08 GMT - error-message: Incorrect email or password
 POST /auth/login 401 25.100 ms PostmanRuntime/7.36.3 Thu, 07 Mar 2024 06:18:09 GMT - error-message: Incorrect email or password
 POST /auth/login 401 25.873 ms PostmanRuntime/7.36.3 Thu, 07 Mar 2024 06:18:13 GMT - error-message: Incorrect email or password
 POST /auth/login 200 26.498 ms PostmanRuntime/7.36.3 Thu, 07 Mar 2024 06:18:18 GMT
 POST /auth/login 429 12.804 ms PostmanRuntime/7.36.3 Thu, 07 Mar 2024 06:18:22 GMT - error-message: Too many requests
 POST /auth/login 500 8.775 ms PostmanRuntime/7.36.3 Thu, 07 Mar 2024 06:32:31 GMT - error-message: mongo is not set
 POST /auth/login 429 31.482 ms PostmanRuntime/7.36.3 Thu, 07 Mar 2024 06:32:42 GMT - error-message: Too many requests
 POST /auth/login 429 25.496 ms PostmanRuntime/7.36.3 Thu, 07 Mar 2024 06:37:15 GMT - error-message: Too many requests
 POST /auth/login 429 11.371 ms PostmanRuntime/7.36.3 Thu, 07 Mar 2024 06:37:16 GMT - error-message: Too many requests
 POST /auth/login 401 162.731 ms PostmanRuntime/7.36.3 Thu, 07 Mar 2024 06:37:38 GMT - error-message: Incorrect email or password
 POST /auth/login 400 4.994 ms PostmanRuntime/7.36.3 Thu, 07 Mar 2024 06:55:21 GMT - error-message: "body.email" must be a valid email
 POST /auth/login 400 2.571 ms PostmanRuntime/7.36.3 Thu, 07 Mar 2024 06:55:32 GMT - error-message: "body.email" must be a valid email
 POST /auth/login 400 3.101 ms PostmanRuntime/7.36.3 Thu, 07 Mar 2024 06:55:49 GMT - error-message: "body.email" must be a valid email
 POST /auth/login 401 23.895 ms PostmanRuntime/7.36.3 Thu, 07 Mar 2024 06:55:59 GMT - error-message: Incorrect email or password
 POST /auth/login 401 7.462 ms PostmanRuntime/7.36.3 Thu, 07 Mar 2024 06:56:08 GMT - error-message: Incorrect email or password
 POST /auth/login 401 7.314 ms PostmanRuntime/7.36.3 Thu, 07 Mar 2024 06:56:11 GMT - error-message: Incorrect email or password
 POST /auth/login 401 8.162 ms PostmanRuntime/7.36.3 Thu, 07 Mar 2024 06:56:12 GMT - error-message: Incorrect email or password
 POST /auth/login 401 5.803 ms PostmanRuntime/7.36.3 Thu, 07 Mar 2024 06:56:13 GMT - error-message: Incorrect email or password
 POST /auth/login 401 8.272 ms PostmanRuntime/7.36.3 Thu, 07 Mar 2024 06:56:14 GMT - error-message: Incorrect email or password
 POST /auth/login 401 6.643 ms PostmanRuntime/7.36.3 Thu, 07 Mar 2024 06:56:14 GMT - error-message: Incorrect email or password
 POST /auth/login 401 6.716 ms PostmanRuntime/7.36.3 Thu, 07 Mar 2024 06:56:15 GMT - error-message: Incorrect email or password
 POST /auth/login 401 7.785 ms PostmanRuntime/7.36.3 Thu, 07 Mar 2024 06:56:16 GMT - error-message: Incorrect email or password
 POST /auth/login 401 7.122 ms PostmanRuntime/7.36.3 Thu, 07 Mar 2024 06:56:16 GMT - error-message: Incorrect email or password
 POST /auth/login 401 9.426 ms PostmanRuntime/7.36.3 Thu, 07 Mar 2024 06:56:17 GMT - error-message: Incorrect email or password
 POST /auth/login 429 5.325 ms PostmanRuntime/7.36.3 Thu, 07 Mar 2024 06:56:18 GMT - error-message: Too many requests
 POST /auth/login 401 26.987 ms PostmanRuntime/7.36.3 Thu, 07 Mar 2024 06:56:23 GMT - error-message: Incorrect email or password
 POST /auth/login 401 50.509 ms PostmanRuntime/7.36.3 Thu, 07 Mar 2024 07:01:14 GMT - error-message: Incorrect email or password
 POST /auth/login 401 27.367 ms PostmanRuntime/7.36.3 Thu, 07 Mar 2024 07:01:15 GMT - error-message: Incorrect email or password
 POST /auth/login 401 33.102 ms PostmanRuntime/7.36.3 Thu, 07 Mar 2024 07:01:16 GMT - error-message: Incorrect email or password
 POST /auth/login 401 26.057 ms PostmanRuntime/7.36.3 Thu, 07 Mar 2024 07:01:17 GMT - error-message: Incorrect email or password
 POST /auth/login 401 24.573 ms PostmanRuntime/7.36.3 Thu, 07 Mar 2024 07:01:17 GMT - error-message: Incorrect email or password
 POST /auth/login 401 24.067 ms PostmanRuntime/7.36.3 Thu, 07 Mar 2024 07:01:18 GMT - error-message: Incorrect email or password
 POST /auth/login 401 25.620 ms PostmanRuntime/7.36.3 Thu, 07 Mar 2024 07:01:18 GMT - error-message: Incorrect email or password
 POST /auth/login 401 25.646 ms PostmanRuntime/7.36.3 Thu, 07 Mar 2024 07:01:19 GMT - error-message: Incorrect email or password
 POST /auth/login 500 34.062 ms PostmanRuntime/7.36.3 Thu, 07 Mar 2024 07:01:20 GMT - error-message: Internal Server Error
 POST /auth/login 500 25.746 ms PostmanRuntime/7.36.3 Thu, 07 Mar 2024 07:01:20 GMT - error-message: Internal Server Error
 POST /auth/login 200 36.920 ms PostmanRuntime/7.36.3 Thu, 07 Mar 2024 07:01:33 GMT
 POST /auth/login 401 17.216 ms PostmanRuntime/7.36.3 Thu, 07 Mar 2024 07:01:42 GMT - error-message: Incorrect email or password
 POST /auth/login 401 8.272 ms PostmanRuntime/7.36.3 Thu, 07 Mar 2024 07:01:44 GMT - error-message: Incorrect email or password
 POST /auth/login 401 7.403 ms PostmanRuntime/7.36.3 Thu, 07 Mar 2024 07:01:45 GMT - error-message: Incorrect email or password
 POST /auth/login 401 8.051 ms PostmanRuntime/7.36.3 Thu, 07 Mar 2024 07:01:45 GMT - error-message: Incorrect email or password
 POST /auth/login 401 10.727 ms PostmanRuntime/7.36.3 Thu, 07 Mar 2024 07:01:46 GMT - error-message: Incorrect email or password
 POST /auth/login 401 7.082 ms PostmanRuntime/7.36.3 Thu, 07 Mar 2024 07:01:46 GMT - error-message: Incorrect email or password
 POST /auth/login 401 6.337 ms PostmanRuntime/7.36.3 Thu, 07 Mar 2024 07:01:47 GMT - error-message: Incorrect email or password
 POST /auth/login 401 7.091 ms PostmanRuntime/7.36.3 Thu, 07 Mar 2024 07:01:47 GMT - error-message: Incorrect email or password
 POST /auth/login 401 6.266 ms PostmanRuntime/7.36.3 Thu, 07 Mar 2024 07:01:48 GMT - error-message: Incorrect email or password
 POST /auth/login 401 15.287 ms PostmanRuntime/7.36.3 Thu, 07 Mar 2024 07:01:49 GMT - error-message: Incorrect email or password
 POST /auth/login 500 7.936 ms PostmanRuntime/7.36.3 Thu, 07 Mar 2024 07:01:49 GMT - error-message: Internal Server Error
 POST /auth/login 500 15.118 ms PostmanRuntime/7.36.3 Thu, 07 Mar 2024 07:01:50 GMT - error-message: Internal Server Error
 POST /auth/login 429 16.480 ms PostmanRuntime/7.36.3 Thu, 07 Mar 2024 07:01:56 GMT - error-message: Too many requests
 POST /auth/login 400 10.535 ms PostmanRuntime/7.36.3 Thu, 07 Mar 2024 07:34:03 GMT - error-message: "body.email" must be a valid email
 POST /auth/login 401 20.285 ms PostmanRuntime/7.36.3 Thu, 07 Mar 2024 07:34:12 GMT - error-message: Incorrect email or password
 POST /auth/login 401 24.198 ms PostmanRuntime/7.36.3 Thu, 07 Mar 2024 07:34:17 GMT - error-message: Incorrect email or password
 POST /auth/login 401 9.484 ms PostmanRuntime/7.36.3 Thu, 07 Mar 2024 07:34:17 GMT - error-message: Incorrect email or password
 POST /auth/login 401 7.914 ms PostmanRuntime/7.36.3 Thu, 07 Mar 2024 07:34:18 GMT - error-message: Incorrect email or password
 POST /auth/login 401 9.700 ms PostmanRuntime/7.36.3 Thu, 07 Mar 2024 07:34:20 GMT - error-message: Incorrect email or password
 POST /auth/login 401 6.689 ms PostmanRuntime/7.36.3 Thu, 07 Mar 2024 07:34:22 GMT - error-message: Incorrect email or password
 POST /auth/login 401 8.433 ms PostmanRuntime/7.36.3 Thu, 07 Mar 2024 07:34:23 GMT - error-message: Incorrect email or password
 POST /auth/login 429 5.845 ms PostmanRuntime/7.36.3 Thu, 07 Mar 2024 07:34:40 GMT - error-message: Too many requests
 POST /auth/login 401 124.840 ms PostmanRuntime/7.36.3 Thu, 07 Mar 2024 07:35:14 GMT - error-message: Incorrect email or password
 POST /auth/login 401 16.233 ms PostmanRuntime/7.36.3 Thu, 07 Mar 2024 07:35:15 GMT - error-message: Incorrect email or password
 POST /auth/login 401 6.955 ms PostmanRuntime/7.36.3 Thu, 07 Mar 2024 07:35:16 GMT - error-message: Incorrect email or password
 POST /auth/login 401 6.086 ms PostmanRuntime/7.36.3 Thu, 07 Mar 2024 07:35:16 GMT - error-message: Incorrect email or password
 POST /auth/login 401 10.510 ms PostmanRuntime/7.36.3 Thu, 07 Mar 2024 07:35:17 GMT - error-message: Incorrect email or password
 POST /auth/login 401 15.463 ms PostmanRuntime/7.36.3 Thu, 07 Mar 2024 07:35:27 GMT - error-message: Incorrect email or password
 POST /auth/login 401 5.748 ms PostmanRuntime/7.36.3 Thu, 07 Mar 2024 07:35:28 GMT - error-message: Incorrect email or password
 POST /auth/login 401 6.637 ms PostmanRuntime/7.36.3 Thu, 07 Mar 2024 07:35:29 GMT - error-message: Incorrect email or password
 POST /auth/login 401 8.819 ms PostmanRuntime/7.36.3 Thu, 07 Mar 2024 07:35:30 GMT - error-message: Incorrect email or password
 POST /auth/login 401 6.098 ms PostmanRuntime/7.36.3 Thu, 07 Mar 2024 07:35:30 GMT - error-message: Incorrect email or password
 POST /auth/login 401 5.615 ms PostmanRuntime/7.36.3 Thu, 07 Mar 2024 07:35:32 GMT - error-message: Incorrect email or password
 POST /auth/login 401 6.628 ms PostmanRuntime/7.36.3 Thu, 07 Mar 2024 07:35:42 GMT - error-message: Incorrect email or password
 POST /auth/login 401 6.225 ms PostmanRuntime/7.36.3 Thu, 07 Mar 2024 07:35:43 GMT - error-message: Incorrect email or password
 POST /auth/login 401 7.853 ms PostmanRuntime/7.36.3 Thu, 07 Mar 2024 07:35:44 GMT - error-message: Incorrect email or password
 POST /auth/login 401 11.739 ms PostmanRuntime/7.36.3 Thu, 07 Mar 2024 07:35:45 GMT - error-message: Incorrect email or password
 POST /auth/login 401 9.034 ms PostmanRuntime/7.36.3 Thu, 07 Mar 2024 07:35:45 GMT - error-message: Incorrect email or password
 POST /auth/login 401 5.777 ms PostmanRuntime/7.36.3 Thu, 07 Mar 2024 07:35:51 GMT - error-message: Incorrect email or password
 POST /auth/login 200 53.586 ms PostmanRuntime/7.36.3 Thu, 07 Mar 2024 07:35:58 GMT
 POST /auth/login 200 84.787 ms PostmanRuntime/7.36.3 Thu, 07 Mar 2024 09:43:30 GMT
 GET /blogs 401 5.816 ms PostmanRuntime/7.36.3 Thu, 07 Mar 2024 09:43:46 GMT - error-message: Please authenticate
 GET /blogs 400 6.812 ms PostmanRuntime/7.36.3 Thu, 07 Mar 2024 09:44:25 GMT - error-message: "body.userId" is required
 GET /blogs 400 12.654 ms PostmanRuntime/7.36.3 Thu, 07 Mar 2024 09:46:27 GMT - error-message: "body.userId" is required
 GET /blogs 400 13.709 ms PostmanRuntime/7.36.3 Thu, 07 Mar 2024 09:48:36 GMT - error-message: '"body.userId"' must be a valid mongo id.
 POST /blog 401 3.398 ms PostmanRuntime/7.36.3 Thu, 07 Mar 2024 09:50:34 GMT - error-message: Please authenticate
 POST /blog 400 8.070 ms PostmanRuntime/7.36.3 Thu, 07 Mar 2024 09:50:49 GMT - error-message: "body.descreption" is required
 POST /blog 400 4.365 ms PostmanRuntime/7.36.3 Thu, 07 Mar 2024 09:51:06 GMT - error-message: "body.createdBy" is required
 POST /blog 400 4.209 ms PostmanRuntime/7.36.3 Thu, 07 Mar 2024 09:51:36 GMT - error-message: '"body.createdBy"' must be a valid mongo id.
 POST /blog 400 4.246 ms PostmanRuntime/7.36.3 Thu, 07 Mar 2024 09:51:51 GMT - error-message: '"body.createdBy"' must be a valid mongo id.
 POST /blog 400 4.193 ms PostmanRuntime/7.36.3 Thu, 07 Mar 2024 09:53:12 GMT - error-message: '"body.createdBy"' must be a valid mongo id.
 POST /auth/login 200 56.190 ms PostmanRuntime/7.36.3 Thu, 07 Mar 2024 09:54:43 GMT
 POST /blog 401 3.291 ms PostmanRuntime/7.36.3 Thu, 07 Mar 2024 09:55:50 GMT - error-message: Please authenticate
 POST /blog 401 3.740 ms PostmanRuntime/7.36.3 Thu, 07 Mar 2024 09:56:08 GMT - error-message: Please authenticate
 POST /blog 401 3.533 ms PostmanRuntime/7.36.3 Thu, 07 Mar 2024 10:01:56 GMT - error-message: Please authenticate
 POST /auth/login 200 36.092 ms PostmanRuntime/7.36.3 Thu, 07 Mar 2024 10:02:23 GMT
 POST /blog 400 8.423 ms PostmanRuntime/7.36.3 Thu, 07 Mar 2024 10:03:07 GMT - error-message: '"body.createdBy"' must be a valid mongo id.
 POST /blog 400 7.368 ms PostmanRuntime/7.36.3 Thu, 07 Mar 2024 10:04:09 GMT - error-message: '"body.createdBy"' must be a valid mongo id.
 POST /blog 400 7.146 ms PostmanRuntime/7.36.3 Thu, 07 Mar 2024 10:04:29 GMT - error-message: "body.createdBy" is required
 POST /blog 400 4.061 ms PostmanRuntime/7.36.3 Thu, 07 Mar 2024 10:04:40 GMT - error-message: '"body.createdBy"' must be a valid mongo id.
 POST /blog 400 4.914 ms PostmanRuntime/7.36.3 Thu, 07 Mar 2024 10:05:01 GMT - error-message: '"body.createdBy"' must be a valid mongo id.
 POST /blog 400 36.859 ms PostmanRuntime/7.36.3 Thu, 07 Mar 2024 10:12:31 GMT - error-message: '"body.createdBy"' must be a valid mongo id.
 POST /blog 400 7.562 ms PostmanRuntime/7.36.3 Thu, 07 Mar 2024 10:12:37 GMT - error-message: '"body.createdBy"' must be a valid mongo id.
 GET /blogs 401 5.150 ms PostmanRuntime/7.36.3 Thu, 07 Mar 2024 10:14:37 GMT - error-message: Please authenticate
 GET /blogs 401 2.656 ms PostmanRuntime/7.36.3 Thu, 07 Mar 2024 10:14:50 GMT - error-message: Please authenticate
 POST /blog 400 4.489 ms PostmanRuntime/7.36.3 Thu, 07 Mar 2024 10:15:04 GMT - error-message: '"body.createdBy"' must be a valid mongo id.
 POST /blog 400 26.674 ms PostmanRuntime/7.36.3 Thu, 07 Mar 2024 10:26:37 GMT - error-message: Blog validation failed: createdBy: Path `createdBy` is required.
 POST /blog 400 7.345 ms PostmanRuntime/7.36.3 Thu, 07 Mar 2024 10:30:20 GMT - error-message: Blog validation failed: createdBy: Path `createdBy` is required.
 POST /blog 400 5.875 ms PostmanRuntime/7.36.3 Thu, 07 Mar 2024 10:30:36 GMT - error-message: Blog validation failed: createdBy: Path `createdBy` is required.
 POST /blog 401 11.153 ms PostmanRuntime/7.36.3 Thu, 07 Mar 2024 10:32:24 GMT - error-message: Please authenticate
 POST /auth/login 200 71.555 ms PostmanRuntime/7.36.3 Thu, 07 Mar 2024 10:32:44 GMT
 POST /blog 201 6.495 ms PostmanRuntime/7.36.3 Thu, 07 Mar 2024 10:33:10 GMT
 POST /blog 400 34.444 ms PostmanRuntime/7.36.3 Thu, 07 Mar 2024 10:34:42 GMT - error-message: Blog validation failed: createdBy: Path `createdBy` is required.
 GET /blogs 200 6.272 ms PostmanRuntime/7.36.3 Thu, 07 Mar 2024 10:41:35 GMT
 GET /blogs 400 5.956 ms PostmanRuntime/7.36.3 Thu, 07 Mar 2024 10:42:02 GMT - error-message: '"body.userId"' must be a valid mongo id.
 POST /blog 400 5.888 ms PostmanRuntime/7.36.3 Thu, 07 Mar 2024 10:42:12 GMT - error-message: Blog validation failed: createdBy: Path `createdBy` is required.
 POST /blog 400 21.618 ms PostmanRuntime/7.36.3 Thu, 07 Mar 2024 10:46:22 GMT - error-message: Blog validation failed: createdBy: Path `createdBy` is required.
 POST /blog 400 23.158 ms PostmanRuntime/7.36.3 Thu, 07 Mar 2024 10:52:07 GMT - error-message: Blog validation failed: createdBy: Path `createdBy` is required.
 POST /blog 401 18.498 ms PostmanRuntime/7.36.3 Thu, 07 Mar 2024 12:43:20 GMT - error-message: Please authenticate
 POST /auth/login 200 62.270 ms PostmanRuntime/7.36.3 Thu, 07 Mar 2024 12:43:32 GMT
 POST /blog 400 6.361 ms PostmanRuntime/7.36.3 Thu, 07 Mar 2024 12:43:58 GMT - error-message: Blog validation failed: createdBy: Path `createdBy` is required.
 POST /blog 400 37.410 ms PostmanRuntime/7.36.3 Thu, 07 Mar 2024 12:49:41 GMT - error-message: Blog validation failed: createdBy: Path `createdBy` is required.
 POST /blog 400 24.968 ms PostmanRuntime/7.36.3 Thu, 07 Mar 2024 12:50:33 GMT - error-message: Blog validation failed: createdBy: Path `createdBy` is required.
 POST /blog 400 24.647 ms PostmanRuntime/7.36.3 Thu, 07 Mar 2024 12:52:09 GMT - error-message: Blog validation failed: createdBy: Path `createdBy` is required.
 POST /blog 400 23.056 ms PostmanRuntime/7.36.3 Thu, 07 Mar 2024 12:52:38 GMT - error-message: Blog validation failed: createdBy: Path `createdBy` is required.
 POST /blog 400 23.839 ms PostmanRuntime/7.36.3 Thu, 07 Mar 2024 12:56:37 GMT - error-message: Blog validation failed: createdBy: Path `createdBy` is required.
 POST /blog 400 27.278 ms PostmanRuntime/7.36.3 Thu, 07 Mar 2024 12:57:24 GMT - error-message: Blog validation failed: createdBy: Path `createdBy` is required.
 POST /blog 400 26.365 ms PostmanRuntime/7.36.3 Thu, 07 Mar 2024 12:59:48 GMT - error-message: Blog validation failed: createdBy: Path `createdBy` is required.
 POST /blog 400 27.999 ms PostmanRuntime/7.36.3 Thu, 07 Mar 2024 13:00:17 GMT - error-message: Blog validation failed: createdBy: Path `createdBy` is required.
 POST /blog 400 22.535 ms PostmanRuntime/7.36.3 Thu, 07 Mar 2024 13:02:03 GMT - error-message: Blog validation failed: createdBy: Path `createdBy` is required.
 POST /blog 201 25.232 ms PostmanRuntime/7.36.3 Thu, 07 Mar 2024 13:07:07 GMT
 GET /blogs 200 7.897 ms PostmanRuntime/7.36.3 Thu, 07 Mar 2024 13:07:42 GMT
 POST /blog 201 16.152 ms PostmanRuntime/7.36.3 Thu, 07 Mar 2024 13:12:27 GMT
 GET /blogs 200 6.067 ms PostmanRuntime/7.36.3 Thu, 07 Mar 2024 13:12:39 GMT
 POST /blog 401 4.151 ms PostmanRuntime/7.36.3 Thu, 07 Mar 2024 13:21:48 GMT - error-message: Please authenticate
 POST /auth/login 200 51.428 ms PostmanRuntime/7.36.3 Thu, 07 Mar 2024 13:22:02 GMT
 POST /blog 201 6.123 ms PostmanRuntime/7.36.3 Thu, 07 Mar 2024 13:22:20 GMT
 POST /blog 400 6.447 ms PostmanRuntime/7.36.3 Thu, 07 Mar 2024 13:22:39 GMT - error-message: "body.createdBy" is required
 POST /blog 400 22.443 ms PostmanRuntime/7.36.3 Thu, 07 Mar 2024 13:23:39 GMT - error-message: "body.createdBy" is required
 POST /blog 201 15.404 ms PostmanRuntime/7.36.3 Thu, 07 Mar 2024 13:23:51 GMT
 POST /blog 201 37.540 ms PostmanRuntime/7.36.3 Thu, 07 Mar 2024 13:28:47 GMT
 GET /blogs 200 6.383 ms PostmanRuntime/7.36.3 Thu, 07 Mar 2024 13:44:01 GMT
 GET /blogs 401 26.802 ms PostmanRuntime/7.36.3 Fri, 08 Mar 2024 06:22:18 GMT - error-message: Please authenticate
 POST /auth/login 200 142.502 ms PostmanRuntime/7.36.3 Fri, 08 Mar 2024 06:22:28 GMT
 GET /blogs 200 5.449 ms PostmanRuntime/7.36.3 Fri, 08 Mar 2024 06:23:02 GMT
 POST /blog 201 9.037 ms PostmanRuntime/7.36.3 Fri, 08 Mar 2024 06:23:48 GMT
 POST /blog 400 35.405 ms PostmanRuntime/7.36.3 Fri, 08 Mar 2024 06:36:16 GMT - error-message: Blog validation failed: createdBy: Path `createdBy` is required.
 POST /blog 400 39.846 ms PostmanRuntime/7.36.3 Fri, 08 Mar 2024 06:50:06 GMT - error-message: Blog validation failed: createdBy: Path `createdBy` is required.
 POST /blog 400 25.862 ms PostmanRuntime/7.36.3 Fri, 08 Mar 2024 06:50:40 GMT - error-message: Blog validation failed: createdBy: Path `createdBy` is required.
 POST /blog 401 11.347 ms PostmanRuntime/7.36.3 Fri, 08 Mar 2024 06:56:49 GMT - error-message: Please authenticate
 POST /auth/login 200 64.480 ms PostmanRuntime/7.36.3 Fri, 08 Mar 2024 06:56:59 GMT
 POST /blog 500 5.486 ms PostmanRuntime/7.36.3 Fri, 08 Mar 2024 06:57:18 GMT - error-message: Class constructor ObjectId cannot be invoked without 'new'
 POST /blog 500 17.364 ms PostmanRuntime/7.36.3 Fri, 08 Mar 2024 06:58:00 GMT - error-message: Class constructor ObjectId cannot be invoked without 'new'
 POST /blog 500 5.428 ms PostmanRuntime/7.36.3 Fri, 08 Mar 2024 06:58:03 GMT - error-message: Class constructor ObjectId cannot be invoked without 'new'
 POST /blog 400 22.406 ms PostmanRuntime/7.36.3 Fri, 08 Mar 2024 07:00:45 GMT - error-message: -
 POST /blog 400 25.068 ms PostmanRuntime/7.36.3 Fri, 08 Mar 2024 07:02:30 GMT - error-message: -
 POST /blog 400 34.153 ms PostmanRuntime/7.36.3 Fri, 08 Mar 2024 07:09:45 GMT - error-message: Blog validation failed: createdBy: Path `createdBy` is required.
 POST /blog 400 22.039 ms PostmanRuntime/7.36.3 Fri, 08 Mar 2024 07:15:00 GMT - error-message: -
 POST /blog 400 31.270 ms PostmanRuntime/7.36.3 Fri, 08 Mar 2024 07:15:24 GMT - error-message: -
 POST /blog 400 4.804 ms PostmanRuntime/7.36.3 Fri, 08 Mar 2024 07:15:26 GMT - error-message: -
 POST /blog 400 24.116 ms PostmanRuntime/7.36.3 Fri, 08 Mar 2024 07:16:01 GMT - error-message: Blog validation failed: createdBy: Path `createdBy` is required.
 POST /blog 400 22.162 ms PostmanRuntime/7.36.3 Fri, 08 Mar 2024 07:16:19 GMT - error-message: Blog validation failed: createdBy: Path `createdBy` is required.
 POST /blog 400 24.450 ms PostmanRuntime/7.36.3 Fri, 08 Mar 2024 07:17:51 GMT - error-message: Blog validation failed: createdBy: Path `createdBy` is required.
 POST /blog 400 21.990 ms PostmanRuntime/7.36.3 Fri, 08 Mar 2024 07:17:58 GMT - error-message: Blog validation failed: createdBy: Path `createdBy` is required.
 POST /blog 401 8.313 ms PostmanRuntime/7.36.3 Fri, 08 Mar 2024 09:34:13 GMT - error-message: -
 POST /auth/login 200 70.026 ms PostmanRuntime/7.36.3 Fri, 08 Mar 2024 09:34:22 GMT
 POST /blog 201 6.432 ms PostmanRuntime/7.36.3 Fri, 08 Mar 2024 09:34:49 GMT
 POST /blog 401 11.978 ms PostmanRuntime/7.36.3 Fri, 08 Mar 2024 10:36:31 GMT - error-message: -
 POST /auth/signup 404 4.810 ms PostmanRuntime/7.36.3 Sat, 09 Mar 2024 10:44:26 GMT - error-message: -
 POST /auth/register 201 163.914 ms PostmanRuntime/7.36.3 Sat, 09 Mar 2024 10:44:46 GMT
 POST /auth/register 201 74.313 ms PostmanRuntime/7.36.3 Sat, 09 Mar 2024 10:49:54 GMT
 POST /auth/login 200 179.237 ms PostmanRuntime/7.36.3 Wed, 13 Mar 2024 09:20:56 GMT
 POST /blog 201 56.155 ms PostmanRuntime/7.36.3 Wed, 13 Mar 2024 09:21:28 GMT
 POST /blog 400 7.179 ms PostmanRuntime/7.36.3 Wed, 13 Mar 2024 09:21:38 GMT - error-message: -
 POST /blog 400 24.016 ms PostmanRuntime/7.36.3 Wed, 13 Mar 2024 09:24:14 GMT - error-message: -
 POST /blog 400 5.409 ms PostmanRuntime/7.36.3 Wed, 13 Mar 2024 09:29:46 GMT - error-message: -
 POST /blog 400 27.931 ms PostmanRuntime/7.36.3 Wed, 13 Mar 2024 09:31:58 GMT - error-message: -
 POST /blog - - ms PostmanRuntime/7.36.3 Wed, 13 Mar 2024 09:33:17 GMT
 POST /blog - - ms PostmanRuntime/7.36.3 Wed, 13 Mar 2024 09:34:03 GMT
 POST /blog 400 29.584 ms PostmanRuntime/7.36.3 Wed, 13 Mar 2024 09:35:10 GMT - error-message: -
 POST /blog 400 37.475 ms PostmanRuntime/7.36.3 Wed, 13 Mar 2024 09:35:23 GMT - error-message: -
 POST /blog 400 33.604 ms PostmanRuntime/7.36.3 Wed, 13 Mar 2024 09:35:37 GMT - error-message: -
 POST /blog 201 24.840 ms PostmanRuntime/7.36.3 Wed, 13 Mar 2024 09:35:52 GMT
 POST /blog 201 25.725 ms PostmanRuntime/7.36.3 Wed, 13 Mar 2024 09:36:44 GMT
 GET /blogs 500 5.266 ms PostmanRuntime/7.36.3 Wed, 13 Mar 2024 09:37:05 GMT - error-message: -
 GET /blogs 500 16.058 ms PostmanRuntime/7.36.3 Wed, 13 Mar 2024 09:38:35 GMT - error-message: -
 GET /blogs 500 18.680 ms PostmanRuntime/7.36.3 Wed, 13 Mar 2024 09:38:55 GMT - error-message: -
 GET /blogs 200 28.894 ms PostmanRuntime/7.36.3 Wed, 13 Mar 2024 09:39:39 GMT
 POST /blog 201 14.461 ms PostmanRuntime/7.36.3 Wed, 13 Mar 2024 09:40:04 GMT
 GET /blogs 200 19.832 ms PostmanRuntime/7.36.3 Wed, 13 Mar 2024 09:41:23 GMT
 POST /blog 400 27.375 ms PostmanRuntime/7.36.3 Wed, 13 Mar 2024 09:42:45 GMT - error-message: -
 POST /blog 201 26.393 ms PostmanRuntime/7.36.3 Wed, 13 Mar 2024 09:43:33 GMT
 POST /blog 201 27.680 ms PostmanRuntime/7.36.3 Wed, 13 Mar 2024 09:44:39 GMT
 GET /blogs 200 13.831 ms PostmanRuntime/7.36.3 Wed, 13 Mar 2024 09:44:46 GMT
 GET /blogs 401 12.716 ms PostmanRuntime/7.36.3 Wed, 13 Mar 2024 10:21:31 GMT - error-message: -
 POST /auth/login 200 66.664 ms PostmanRuntime/7.36.3 Wed, 13 Mar 2024 10:21:52 GMT
 GET /blogs 200 8.613 ms PostmanRuntime/7.36.3 Wed, 13 Mar 2024 10:22:08 GMT
 POST /blog 400 7.955 ms PostmanRuntime/7.36.3 Wed, 13 Mar 2024 10:22:21 GMT - error-message: -
 POST /blog 400 8.113 ms PostmanRuntime/7.36.3 Wed, 13 Mar 2024 10:23:39 GMT - error-message: -
 POST /blog 400 6.837 ms PostmanRuntime/7.36.3 Wed, 13 Mar 2024 10:23:46 GMT - error-message: -
 POST /blog 201 12.348 ms PostmanRuntime/7.36.3 Wed, 13 Mar 2024 10:24:59 GMT
 GET /blogs 200 5.362 ms PostmanRuntime/7.36.3 Wed, 13 Mar 2024 10:25:15 GMT
 GET /blogs 200 22.190 ms PostmanRuntime/7.36.3 Wed, 13 Mar 2024 10:25:54 GMT
 GET /blogs 200 34.724 ms PostmanRuntime/7.36.3 Wed, 13 Mar 2024 10:26:15 GMT
 GET /coverImage 404 2.928 ms PostmanRuntime/7.36.3 Wed, 13 Mar 2024 10:29:25 GMT - error-message: -
 POST /coverImage 404 1.378 ms PostmanRuntime/7.36.3 Wed, 13 Mar 2024 10:29:30 GMT - error-message: -
 POST /blog/coverImage 404 0.941 ms PostmanRuntime/7.36.3 Wed, 13 Mar 2024 10:29:43 GMT - error-message: -
 POST /blog/cover-image 200 50.325 ms PostmanRuntime/7.36.3 Wed, 13 Mar 2024 10:30:00 GMT
 POST /blog 201 23.645 ms PostmanRuntime/7.36.3 Wed, 13 Mar 2024 10:31:52 GMT
 GET /blogs 200 5.975 ms PostmanRuntime/7.36.3 Wed, 13 Mar 2024 10:31:58 GMT
 GET /auth/login 404 4.784 ms PostmanRuntime/7.36.3 Wed, 13 Mar 2024 12:41:15 GMT - error-message: -
 POST /auth/login 200 67.980 ms PostmanRuntime/7.36.3 Wed, 13 Mar 2024 12:41:29 GMT
 POST /blog/cover-image 401 22.709 ms PostmanRuntime/7.36.3 Wed, 13 Mar 2024 12:42:09 GMT - error-message: -
 POST /blog/cover-image 200 77.074 ms PostmanRuntime/7.36.3 Wed, 13 Mar 2024 12:42:16 GMT
 POST /blog/cover-image 200 349.253 ms PostmanRuntime/7.36.3 Wed, 13 Mar 2024 12:43:18 GMT
 POST /auth/login 200 174.594 ms PostmanRuntime/7.36.3 Thu, 14 Mar 2024 06:05:06 GMT
 POST /blog/cover-image 404 28.333 ms PostmanRuntime/7.36.3 Thu, 14 Mar 2024 06:17:30 GMT - error-message: -
 POST /blog/cover-image 200 9.705 ms PostmanRuntime/7.36.3 Thu, 14 Mar 2024 06:17:42 GMT
 POST //blog/image?1710397062099-2023-11-08-654b69688790e.png 404 2.032 ms PostmanRuntime/7.36.3 Thu, 14 Mar 2024 06:18:13 GMT - error-message: -
 POST //blog/image/1710397062099-2023-11-08-654b69688790e.png 404 1.793 ms PostmanRuntime/7.36.3 Thu, 14 Mar 2024 06:18:56 GMT - error-message: -
 POST /blog/image/1710397062099-2023-11-08-654b69688790e.png 404 0.848 ms PostmanRuntime/7.36.3 Thu, 14 Mar 2024 06:19:04 GMT - error-message: -
 GET /blog/image/1710397062099-2023-11-08-654b69688790e.png 404 3.578 ms PostmanRuntime/7.36.3 Thu, 14 Mar 2024 06:19:33 GMT - error-message: -
 GET /blog/image/1710397062099-2023-11-08-654b69688790e.png 200 333.399 ms PostmanRuntime/7.36.3 Thu, 14 Mar 2024 06:22:47 GMT
 POST /blog/cover-image 200 144.510 ms PostmanRuntime/7.36.3 Thu, 14 Mar 2024 06:23:50 GMT
 POST /blog/cover-image 400 22.663 ms PostmanRuntime/7.36.3 Thu, 14 Mar 2024 06:30:14 GMT - error-message: -
 POST /blog/cover-image 200 1633.592 ms PostmanRuntime/7.36.3 Thu, 14 Mar 2024 06:32:15 GMT
 POST /blog/cover-image 200 109.357 ms PostmanRuntime/7.36.3 Thu, 14 Mar 2024 06:32:38 GMT
 POST /blog/cover-image 200 112.130 ms PostmanRuntime/7.36.3 Thu, 14 Mar 2024 06:33:42 GMT
 POST /blog/cover-image 401 51.528 ms PostmanRuntime/7.36.3 Thu, 14 Mar 2024 06:35:34 GMT - error-message: -
 POST /auth/login 200 63.641 ms PostmanRuntime/7.36.3 Thu, 14 Mar 2024 06:35:43 GMT
 POST /blog/cover-image 401 48.933 ms PostmanRuntime/7.36.3 Thu, 14 Mar 2024 06:35:59 GMT - error-message: -
 POST /blog/cover-image 200 60.185 ms PostmanRuntime/7.36.3 Thu, 14 Mar 2024 06:36:08 GMT
 POST /blog/cover-image 200 75.223 ms PostmanRuntime/7.36.3 Thu, 14 Mar 2024 06:36:18 GMT
 POST /blog/cover-image 200 127.972 ms PostmanRuntime/7.36.3 Thu, 14 Mar 2024 06:38:13 GMT
 POST /blog/cover-image 200 66.437 ms PostmanRuntime/7.36.3 Thu, 14 Mar 2024 06:43:28 GMT
 POST /blog/cover-image 200 69.423 ms PostmanRuntime/7.36.3 Thu, 14 Mar 2024 06:47:40 GMT
 POST /blog/cover-image 200 77.839 ms PostmanRuntime/7.36.3 Thu, 14 Mar 2024 06:49:34 GMT
 POST /blog/cover-image 200 71.243 ms PostmanRuntime/7.36.3 Thu, 14 Mar 2024 06:53:51 GMT
 POST /auth/login 200 268.732 ms PostmanRuntime/7.36.3 Thu, 14 Mar 2024 10:17:04 GMT
 GET /blogs 200 22.714 ms PostmanRuntime/7.36.3 Thu, 14 Mar 2024 10:17:35 GMT
 GET /blog/image/1710397062099-2023-11-08-654b69688790e.png 401 5.835 ms PostmanRuntime/7.36.3 Thu, 14 Mar 2024 10:19:26 GMT - error-message: -
 GET /blog/image/1710397062099-2023-11-08-654b69688790e.png 404 44.446 ms PostmanRuntime/7.36.3 Thu, 14 Mar 2024 10:19:32 GMT - error-message: -
 POST /blog/cover-image 200 318.100 ms PostmanRuntime/7.36.3 Thu, 14 Mar 2024 10:20:51 GMT
 GET /blog/image/1710411651102-bank_icon.png 200 3.714 ms PostmanRuntime/7.36.3 Thu, 14 Mar 2024 10:21:12 GMT
 GET /blog/image/1710411651102-bank_icon.png 401 1.221 ms Mozilla/5.0 (Windows NT 10.0; Win64; x64) AppleWebKit/537.36 (KHTML, like Gecko) Chrome/122.0.0.0 Safari/537.36 Thu, 14 Mar 2024 10:21:19 GMT - error-message: -
 GET /blog/image/1710411651102-bank_icon.png 401 2.005 ms Mozilla/5.0 (Windows NT 10.0; Win64; x64) AppleWebKit/537.36 (KHTML, like Gecko) Chrome/122.0.0.0 Safari/537.36 Thu, 14 Mar 2024 10:22:20 GMT - error-message: -
 GET /blog/image/1710411651102-bank_icon.png 401 1.020 ms Mozilla/5.0 (Windows NT 10.0; Win64; x64) AppleWebKit/537.36 (KHTML, like Gecko) Chrome/122.0.0.0 Safari/537.36 Thu, 14 Mar 2024 10:22:22 GMT - error-message: -
 GET /blog/image/1710411651102-bank_icon.png 401 1.036 ms Mozilla/5.0 (Windows NT 10.0; Win64; x64) AppleWebKit/537.36 (KHTML, like Gecko) Chrome/122.0.0.0 Safari/537.36 Thu, 14 Mar 2024 10:22:51 GMT - error-message: -
 GET /blog/image/1710411651102-bank_icon.png 401 1.513 ms Mozilla/5.0 (Windows NT 10.0; Win64; x64) AppleWebKit/537.36 (KHTML, like Gecko) Chrome/122.0.0.0 Safari/537.36 Thu, 14 Mar 2024 10:22:52 GMT - error-message: -
 GET /blog/image/1710411651102-bank_icon.png 200 2.890 ms PostmanRuntime/7.36.3 Thu, 14 Mar 2024 10:22:58 GMT
 GET /blog/image/1710411651102-bank_icon.png 401 1.815 ms Mozilla/5.0 (Windows NT 10.0; Win64; x64) AppleWebKit/537.36 (KHTML, like Gecko) Chrome/122.0.0.0 Safari/537.36 Thu, 14 Mar 2024 10:24:27 GMT - error-message: -
 GET /blog/image/1710411651102-bank_icon.png 401 1.002 ms Mozilla/5.0 (Windows NT 10.0; Win64; x64) AppleWebKit/537.36 (KHTML, like Gecko) Chrome/122.0.0.0 Safari/537.36 Thu, 14 Mar 2024 10:24:28 GMT - error-message: -
 GET /blog/image/1710411651102-bank_icon.png 401 0.868 ms Mozilla/5.0 (Windows NT 10.0; Win64; x64) AppleWebKit/537.36 (KHTML, like Gecko) Chrome/122.0.0.0 Safari/537.36 Thu, 14 Mar 2024 10:26:44 GMT - error-message: -
 GET /blog/image/1710411651102-bank_icon.png 401 0.815 ms Mozilla/5.0 (Windows NT 10.0; Win64; x64) AppleWebKit/537.36 (KHTML, like Gecko) Chrome/122.0.0.0 Safari/537.36 Thu, 14 Mar 2024 10:26:53 GMT - error-message: -
 POST /blog/cover-image 200 335.744 ms PostmanRuntime/7.36.3 Thu, 14 Mar 2024 10:35:46 GMT
 POST /blog/cover-image 400 25.318 ms PostmanRuntime/7.36.3 Thu, 14 Mar 2024 10:39:56 GMT - error-message: -
 POST /blog/cover-image 200 34.955 ms PostmanRuntime/7.36.3 Thu, 14 Mar 2024 10:40:41 GMT
 POST /auth/login 200 84.161 ms PostmanRuntime/7.36.3 Thu, 14 Mar 2024 12:58:27 GMT
 POST /blog/cover-image 404 10.799 ms PostmanRuntime/7.36.3 Thu, 14 Mar 2024 12:59:10 GMT - error-message: -
 POST /blog/cover-image 200 9.030 ms PostmanRuntime/7.36.3 Thu, 14 Mar 2024 12:59:20 GMT
 POST /blog/cover-image 200 157.079 ms PostmanRuntime/7.36.3 Thu, 14 Mar 2024 12:59:43 GMT
 POST /blog/cover-image 500 74.816 ms PostmanRuntime/7.36.3 Thu, 14 Mar 2024 13:06:26 GMT - error-message: -
 POST /blog/cover-image 500 67.953 ms PostmanRuntime/7.36.3 Thu, 14 Mar 2024 13:08:36 GMT - error-message: -
 POST /blog/cover-image 500 68.795 ms PostmanRuntime/7.36.3 Thu, 14 Mar 2024 13:09:08 GMT - error-message: -
 POST /blog/cover-image 400 21.394 ms PostmanRuntime/7.36.3 Thu, 14 Mar 2024 13:10:58 GMT - error-message: -
 POST /blog/cover-image 404 29.089 ms PostmanRuntime/7.36.3 Thu, 14 Mar 2024 13:17:14 GMT - error-message: -
