::1 - - [28/Feb/2024:08:13:01 +0000] "GET /blogs HTTP/1.1" 200 301 "-" "PostmanRuntime/7.36.3"
undefined GET /blogs 200 11.306 ms PostmanRuntime/7.36.3 Wed, 28 Feb 2024 08:19:51 GMT
undefined GET /blogs 200 11.864 ms PostmanRuntime/7.36.3 Wed, 28 Feb 2024 08:21:00 GMT
undefined GET /blogs 200 7.435 ms PostmanRuntime/7.36.3 Wed, 28 Feb 2024 08:24:42 GMT
undefinedGET /blogs 200 12.888 ms PostmanRuntime/7.36.3 Wed, 28 Feb 2024 08:26:25 GMT
 GET /blogs 200 13.102 ms PostmanRuntime/7.36.3 Wed, 28 Feb 2024 08:27:11 GMT
 GET /blogs 200 11.279 ms PostmanRuntime/7.36.3 Wed, 28 Feb 2024 08:31:37 GMT
 GET /blogs 200 12.441 ms PostmanRuntime/7.36.3 Wed, 28 Feb 2024 08:43:06 GMT
 GET /blogs 200 12.441 ms PostmanRuntime/7.36.3 Wed, 28 Feb 2024 08:43:06 GMT - error-message: -
 GET /blogss 404 4.299 ms PostmanRuntime/7.36.3 Wed, 28 Feb 2024 08:43:12 GMT
 GET /blogss 404 4.299 ms PostmanRuntime/7.36.3 Wed, 28 Feb 2024 08:43:12 GMT - error-message: -
 GET /blogs 200 11.493 ms PostmanRuntime/7.36.3 Wed, 28 Feb 2024 08:44:37 GMT
 GET /blogss 404 4.172 ms PostmanRuntime/7.36.3 Wed, 28 Feb 2024 08:44:46 GMT - error-message: -
 GET /blogss 404 5.903 ms PostmanRuntime/7.36.3 Wed, 28 Feb 2024 08:46:21 GMT - error-message -
 GET /blogss 404 6.258 ms PostmanRuntime/7.36.3 Wed, 28 Feb 2024 08:47:15 GMT - error-message: 404 Not found
 GET /blogss 404 4.229 ms PostmanRuntime/7.36.3 Wed, 28 Feb 2024 09:19:48 GMT - error-message: 404 Not found
 GET /blogs 200 10.307 ms PostmanRuntime/7.36.3 Wed, 28 Feb 2024 09:19:50 GMT
 GET /blog 404 2.122 ms PostmanRuntime/7.36.3 Wed, 28 Feb 2024 09:20:04 GMT - error-message: 404 Not found
 POST /blog 500 2.069 ms PostmanRuntime/7.36.3 Wed, 28 Feb 2024 09:20:13 GMT - error-message: logger is not defined
 POST /blog 500 4.264 ms PostmanRuntime/7.36.3 Wed, 28 Feb 2024 09:21:29 GMT - error-message: logger is not defined
 POST /blog 500 2.055 ms PostmanRuntime/7.36.3 Wed, 28 Feb 2024 09:21:52 GMT - error-message: logger is not defined
 POST /blogs 404 4.820 ms PostmanRuntime/7.36.3 Wed, 28 Feb 2024 09:24:17 GMT - error-message: 404 Not found
 GET /blogs 200 9.838 ms PostmanRuntime/7.36.3 Wed, 28 Feb 2024 09:24:20 GMT
 POST /blog 500 5.041 ms PostmanRuntime/7.36.3 Wed, 28 Feb 2024 09:26:00 GMT - error-message: logger is not defined
 POST /blog 200 62.683 ms PostmanRuntime/7.36.3 Wed, 28 Feb 2024 09:40:36 GMT
 POST /blog 201 13.642 ms PostmanRuntime/7.36.3 Wed, 28 Feb 2024 09:41:02 GMT
